

================================================================
== Vitis HLS Report for 'spiking_binam_Pipeline_VITIS_LOOP_54_4'
================================================================
* Date:           Sat May 17 11:11:30 2025

* Version:        2022.2 (Build 3670227 on Oct 13 2022)
* Project:        SpikingBINAM
* Solution:       solution1 (Vivado IP Flow Target)
* Product family: zynquplus
* Target device:  xck26-sfvc784-2LV-c


================================================================
== Performance Estimates
================================================================
+ Timing: 
    * Summary: 
    +--------+----------+----------+------------+
    |  Clock |  Target  | Estimated| Uncertainty|
    +--------+----------+----------+------------+
    |ap_clk  |  10.00 ns|  2.127 ns|     2.70 ns|
    +--------+----------+----------+------------+

+ Latency: 
    * Summary: 
    +---------+---------+----------+----------+-----+-----+---------+
    |  Latency (cycles) |  Latency (absolute) |  Interval | Pipeline|
    |   min   |   max   |    min   |    max   | min | max |   Type  |
    +---------+---------+----------+----------+-----+-----+---------+
    |       35|       35|  0.350 us|  0.350 us|   35|   35|       no|
    +---------+---------+----------+----------+-----+-----+---------+

    + Detail: 
        * Instance: 
        N/A

        * Loop: 
        +-------------------+---------+---------+----------+-----------+-----------+------+----------+
        |                   |  Latency (cycles) | Iteration|  Initiation Interval  | Trip |          |
        |     Loop Name     |   min   |   max   |  Latency |  achieved |   target  | Count| Pipelined|
        +-------------------+---------+---------+----------+-----------+-----------+------+----------+
        |- VITIS_LOOP_54_4  |       33|       33|         3|          1|          1|    32|       yes|
        +-------------------+---------+---------+----------+-----------+-----------+------+----------+



================================================================
== Utilization Estimates
================================================================
* Summary: 
+-----------------+---------+------+--------+--------+-----+
|       Name      | BRAM_18K|  DSP |   FF   |   LUT  | URAM|
+-----------------+---------+------+--------+--------+-----+
|DSP              |        -|     -|       -|       -|    -|
|Expression       |        -|     -|       0|     201|    -|
|FIFO             |        -|     -|       -|       -|    -|
|Instance         |        -|     -|       0|    1184|    -|
|Memory           |        -|     -|       -|       -|    -|
|Multiplexer      |        -|     -|       -|      36|    -|
|Register         |        -|     -|      81|       -|    -|
+-----------------+---------+------+--------+--------+-----+
|Total            |        0|     0|      81|    1421|    0|
+-----------------+---------+------+--------+--------+-----+
|Available        |      288|  1248|  234240|  117120|   64|
+-----------------+---------+------+--------+--------+-----+
|Utilization (%)  |        0|     0|      ~0|       1|    0|
+-----------------+---------+------+--------+--------+-----+

+ Detail: 
    * Instance: 
    +-------------------+---------------+---------+----+---+-----+-----+
    |      Instance     |     Module    | BRAM_18K| DSP| FF| LUT | URAM|
    +-------------------+---------------+---------+----+---+-----+-----+
    |mux_325_1_1_1_U17  |mux_325_1_1_1  |        0|   0|  0|  148|    0|
    |mux_325_1_1_1_U18  |mux_325_1_1_1  |        0|   0|  0|  148|    0|
    |mux_325_1_1_1_U19  |mux_325_1_1_1  |        0|   0|  0|  148|    0|
    |mux_325_1_1_1_U20  |mux_325_1_1_1  |        0|   0|  0|  148|    0|
    |mux_325_1_1_1_U21  |mux_325_1_1_1  |        0|   0|  0|  148|    0|
    |mux_325_1_1_1_U22  |mux_325_1_1_1  |        0|   0|  0|  148|    0|
    |mux_325_1_1_1_U23  |mux_325_1_1_1  |        0|   0|  0|  148|    0|
    |mux_325_1_1_1_U24  |mux_325_1_1_1  |        0|   0|  0|  148|    0|
    +-------------------+---------------+---------+----+---+-----+-----+
    |Total              |               |        0|   0|  0| 1184|    0|
    +-------------------+---------------+---------+----+---+-----+-----+

    * DSP: 
    N/A

    * Memory: 
    N/A

    * FIFO: 
    N/A

    * Expression: 
    +--------------------------+----------+----+---+----+------------+------------+
    |       Variable Name      | Operation| DSP| FF| LUT| Bitwidth P0| Bitwidth P1|
    +--------------------------+----------+----+---+----+------------+------------+
    |add_ln54_fu_2370_p2       |         +|   0|  0|  13|           6|           1|
    |v_V_1_d0                  |         +|   0|  0|  14|           7|           4|
    |v_V_2_d0                  |         +|   0|  0|  14|           7|           4|
    |v_V_3_d0                  |         +|   0|  0|  14|           7|           4|
    |v_V_4_d0                  |         +|   0|  0|  14|           7|           4|
    |v_V_5_d0                  |         +|   0|  0|  14|           7|           4|
    |v_V_6_d0                  |         +|   0|  0|  14|           7|           4|
    |v_V_7_d0                  |         +|   0|  0|  14|           7|           4|
    |v_V_d0                    |         +|   0|  0|  14|           7|           4|
    |icmp_ln1019_1_fu_2963_p2  |      icmp|   0|  0|   8|           3|           1|
    |icmp_ln1019_2_fu_2969_p2  |      icmp|   0|  0|   8|           3|           1|
    |icmp_ln1019_3_fu_2975_p2  |      icmp|   0|  0|   8|           3|           1|
    |icmp_ln1019_4_fu_2981_p2  |      icmp|   0|  0|   8|           3|           1|
    |icmp_ln1019_5_fu_2987_p2  |      icmp|   0|  0|   8|           3|           1|
    |icmp_ln1019_6_fu_2993_p2  |      icmp|   0|  0|   8|           3|           1|
    |icmp_ln1019_7_fu_2999_p2  |      icmp|   0|  0|   8|           3|           1|
    |icmp_ln1019_fu_2957_p2    |      icmp|   0|  0|   8|           3|           1|
    |icmp_ln54_fu_2364_p2      |      icmp|   0|  0|  10|           6|           7|
    |ap_enable_pp0             |       xor|   0|  0|   2|           1|           2|
    +--------------------------+----------+----+---+----+------------+------------+
    |Total                     |          |   0|  0| 201|          93|          50|
    +--------------------------+----------+----+---+----+------------+------------+

    * Multiplexer: 
    +-------------------------+----+-----------+-----+-----------+
    |           Name          | LUT| Input Size| Bits| Total Bits|
    +-------------------------+----+-----------+-----+-----------+
    |ap_done_int              |   9|          2|    1|          2|
    |ap_enable_reg_pp0_iter1  |   9|          2|    1|          2|
    |ap_sig_allocacmp_bank_1  |   9|          2|    6|         12|
    |bank_fu_576              |   9|          2|    6|         12|
    +-------------------------+----+-----------+-----+-----------+
    |Total                    |  36|          8|   14|         28|
    +-------------------------+----+-----------+-----+-----------+

    * Register: 
    +----------------------------------+---+----+-----+-----------+
    |               Name               | FF| LUT| Bits| Const Bits|
    +----------------------------------+---+----+-----+-----------+
    |ap_CS_fsm                         |  1|   0|    1|          0|
    |ap_done_reg                       |  1|   0|    1|          0|
    |ap_enable_reg_pp0_iter1           |  1|   0|    1|          0|
    |ap_enable_reg_pp0_iter2           |  1|   0|    1|          0|
    |ap_loop_exit_ready_pp0_iter1_reg  |  1|   0|    1|          0|
    |bank_fu_576                       |  6|   0|    6|          0|
    |icmp_ln1019_1_reg_3166            |  1|   0|    1|          0|
    |icmp_ln1019_2_reg_3176            |  1|   0|    1|          0|
    |icmp_ln1019_3_reg_3186            |  1|   0|    1|          0|
    |icmp_ln1019_4_reg_3196            |  1|   0|    1|          0|
    |icmp_ln1019_5_reg_3206            |  1|   0|    1|          0|
    |icmp_ln1019_6_reg_3216            |  1|   0|    1|          0|
    |icmp_ln1019_7_reg_3226            |  1|   0|    1|          0|
    |icmp_ln1019_reg_3156              |  1|   0|    1|          0|
    |tmp_1_reg_3093                    |  1|   0|    1|          0|
    |tmp_1_reg_3093_pp0_iter1_reg      |  1|   0|    1|          0|
    |tmp_3_reg_3102                    |  1|   0|    1|          0|
    |tmp_3_reg_3102_pp0_iter1_reg      |  1|   0|    1|          0|
    |tmp_4_reg_3111                    |  1|   0|    1|          0|
    |tmp_4_reg_3111_pp0_iter1_reg      |  1|   0|    1|          0|
    |tmp_5_reg_3120                    |  1|   0|    1|          0|
    |tmp_5_reg_3120_pp0_iter1_reg      |  1|   0|    1|          0|
    |tmp_7_reg_3129                    |  1|   0|    1|          0|
    |tmp_7_reg_3129_pp0_iter1_reg      |  1|   0|    1|          0|
    |tmp_8_reg_3138                    |  1|   0|    1|          0|
    |tmp_8_reg_3138_pp0_iter1_reg      |  1|   0|    1|          0|
    |tmp_9_reg_3147                    |  1|   0|    1|          0|
    |tmp_9_reg_3147_pp0_iter1_reg      |  1|   0|    1|          0|
    |tmp_reg_3084                      |  1|   0|    1|          0|
    |tmp_reg_3084_pp0_iter1_reg        |  1|   0|    1|          0|
    |v_V_1_addr_reg_3170               |  5|   0|    5|          0|
    |v_V_2_addr_reg_3180               |  5|   0|    5|          0|
    |v_V_3_addr_reg_3190               |  5|   0|    5|          0|
    |v_V_4_addr_reg_3200               |  5|   0|    5|          0|
    |v_V_5_addr_reg_3210               |  5|   0|    5|          0|
    |v_V_6_addr_reg_3220               |  5|   0|    5|          0|
    |v_V_7_addr_reg_3230               |  5|   0|    5|          0|
    |v_V_addr_reg_3160                 |  5|   0|    5|          0|
    |zext_ln54_reg_3072                |  6|   0|   64|         58|
    +----------------------------------+---+----+-----+-----------+
    |Total                             | 81|   0|  139|         58|
    +----------------------------------+---+----+-----+-----------+



================================================================
== Interface
================================================================
* Summary: 
+-------------------------------+-----+-----+------------+----------------------------------------+--------------+
|           RTL Ports           | Dir | Bits|  Protocol  |              Source Object             |    C Type    |
+-------------------------------+-----+-----+------------+----------------------------------------+--------------+
|ap_clk                         |   in|    1|  ap_ctrl_hs|  spiking_binam_Pipeline_VITIS_LOOP_54_4|  return value|
|ap_rst                         |   in|    1|  ap_ctrl_hs|  spiking_binam_Pipeline_VITIS_LOOP_54_4|  return value|
|ap_start                       |   in|    1|  ap_ctrl_hs|  spiking_binam_Pipeline_VITIS_LOOP_54_4|  return value|
|ap_done                        |  out|    1|  ap_ctrl_hs|  spiking_binam_Pipeline_VITIS_LOOP_54_4|  return value|
|ap_idle                        |  out|    1|  ap_ctrl_hs|  spiking_binam_Pipeline_VITIS_LOOP_54_4|  return value|
|ap_ready                       |  out|    1|  ap_ctrl_hs|  spiking_binam_Pipeline_VITIS_LOOP_54_4|  return value|
|p_ZL14storage_matrix_7_load    |   in|    1|     ap_none|             p_ZL14storage_matrix_7_load|        scalar|
|p_ZL14storage_matrix_15_load   |   in|    1|     ap_none|            p_ZL14storage_matrix_15_load|        scalar|
|p_ZL14storage_matrix_23_load   |   in|    1|     ap_none|            p_ZL14storage_matrix_23_load|        scalar|
|p_ZL14storage_matrix_31_load   |   in|    1|     ap_none|            p_ZL14storage_matrix_31_load|        scalar|
|p_ZL14storage_matrix_39_load   |   in|    1|     ap_none|            p_ZL14storage_matrix_39_load|        scalar|
|p_ZL14storage_matrix_47_load   |   in|    1|     ap_none|            p_ZL14storage_matrix_47_load|        scalar|
|p_ZL14storage_matrix_55_load   |   in|    1|     ap_none|            p_ZL14storage_matrix_55_load|        scalar|
|p_ZL14storage_matrix_63_load   |   in|    1|     ap_none|            p_ZL14storage_matrix_63_load|        scalar|
|p_ZL14storage_matrix_71_load   |   in|    1|     ap_none|            p_ZL14storage_matrix_71_load|        scalar|
|p_ZL14storage_matrix_79_load   |   in|    1|     ap_none|            p_ZL14storage_matrix_79_load|        scalar|
|p_ZL14storage_matrix_87_load   |   in|    1|     ap_none|            p_ZL14storage_matrix_87_load|        scalar|
|p_ZL14storage_matrix_95_load   |   in|    1|     ap_none|            p_ZL14storage_matrix_95_load|        scalar|
|p_ZL14storage_matrix_103_load  |   in|    1|     ap_none|           p_ZL14storage_matrix_103_load|        scalar|
|p_ZL14storage_matrix_111_load  |   in|    1|     ap_none|           p_ZL14storage_matrix_111_load|        scalar|
|p_ZL14storage_matrix_119_load  |   in|    1|     ap_none|           p_ZL14storage_matrix_119_load|        scalar|
|p_ZL14storage_matrix_127_load  |   in|    1|     ap_none|           p_ZL14storage_matrix_127_load|        scalar|
|p_ZL14storage_matrix_135_load  |   in|    1|     ap_none|           p_ZL14storage_matrix_135_load|        scalar|
|p_ZL14storage_matrix_143_load  |   in|    1|     ap_none|           p_ZL14storage_matrix_143_load|        scalar|
|p_ZL14storage_matrix_151_load  |   in|    1|     ap_none|           p_ZL14storage_matrix_151_load|        scalar|
|p_ZL14storage_matrix_159_load  |   in|    1|     ap_none|           p_ZL14storage_matrix_159_load|        scalar|
|p_ZL14storage_matrix_167_load  |   in|    1|     ap_none|           p_ZL14storage_matrix_167_load|        scalar|
|p_ZL14storage_matrix_175_load  |   in|    1|     ap_none|           p_ZL14storage_matrix_175_load|        scalar|
|p_ZL14storage_matrix_183_load  |   in|    1|     ap_none|           p_ZL14storage_matrix_183_load|        scalar|
|p_ZL14storage_matrix_191_load  |   in|    1|     ap_none|           p_ZL14storage_matrix_191_load|        scalar|
|p_ZL14storage_matrix_199_load  |   in|    1|     ap_none|           p_ZL14storage_matrix_199_load|        scalar|
|p_ZL14storage_matrix_207_load  |   in|    1|     ap_none|           p_ZL14storage_matrix_207_load|        scalar|
|p_ZL14storage_matrix_215_load  |   in|    1|     ap_none|           p_ZL14storage_matrix_215_load|        scalar|
|p_ZL14storage_matrix_223_load  |   in|    1|     ap_none|           p_ZL14storage_matrix_223_load|        scalar|
|p_ZL14storage_matrix_231_load  |   in|    1|     ap_none|           p_ZL14storage_matrix_231_load|        scalar|
|p_ZL14storage_matrix_239_load  |   in|    1|     ap_none|           p_ZL14storage_matrix_239_load|        scalar|
|p_ZL14storage_matrix_247_load  |   in|    1|     ap_none|           p_ZL14storage_matrix_247_load|        scalar|
|p_ZL14storage_matrix_255_load  |   in|    1|     ap_none|           p_ZL14storage_matrix_255_load|        scalar|
|p_ZL14storage_matrix_6_load    |   in|    1|     ap_none|             p_ZL14storage_matrix_6_load|        scalar|
|p_ZL14storage_matrix_14_load   |   in|    1|     ap_none|            p_ZL14storage_matrix_14_load|        scalar|
|p_ZL14storage_matrix_22_load   |   in|    1|     ap_none|            p_ZL14storage_matrix_22_load|        scalar|
|p_ZL14storage_matrix_30_load   |   in|    1|     ap_none|            p_ZL14storage_matrix_30_load|        scalar|
|p_ZL14storage_matrix_38_load   |   in|    1|     ap_none|            p_ZL14storage_matrix_38_load|        scalar|
|p_ZL14storage_matrix_46_load   |   in|    1|     ap_none|            p_ZL14storage_matrix_46_load|        scalar|
|p_ZL14storage_matrix_54_load   |   in|    1|     ap_none|            p_ZL14storage_matrix_54_load|        scalar|
|p_ZL14storage_matrix_62_load   |   in|    1|     ap_none|            p_ZL14storage_matrix_62_load|        scalar|
|p_ZL14storage_matrix_70_load   |   in|    1|     ap_none|            p_ZL14storage_matrix_70_load|        scalar|
|p_ZL14storage_matrix_78_load   |   in|    1|     ap_none|            p_ZL14storage_matrix_78_load|        scalar|
|p_ZL14storage_matrix_86_load   |   in|    1|     ap_none|            p_ZL14storage_matrix_86_load|        scalar|
|p_ZL14storage_matrix_94_load   |   in|    1|     ap_none|            p_ZL14storage_matrix_94_load|        scalar|
|p_ZL14storage_matrix_102_load  |   in|    1|     ap_none|           p_ZL14storage_matrix_102_load|        scalar|
|p_ZL14storage_matrix_110_load  |   in|    1|     ap_none|           p_ZL14storage_matrix_110_load|        scalar|
|p_ZL14storage_matrix_118_load  |   in|    1|     ap_none|           p_ZL14storage_matrix_118_load|        scalar|
|p_ZL14storage_matrix_126_load  |   in|    1|     ap_none|           p_ZL14storage_matrix_126_load|        scalar|
|p_ZL14storage_matrix_134_load  |   in|    1|     ap_none|           p_ZL14storage_matrix_134_load|        scalar|
|p_ZL14storage_matrix_142_load  |   in|    1|     ap_none|           p_ZL14storage_matrix_142_load|        scalar|
|p_ZL14storage_matrix_150_load  |   in|    1|     ap_none|           p_ZL14storage_matrix_150_load|        scalar|
|p_ZL14storage_matrix_158_load  |   in|    1|     ap_none|           p_ZL14storage_matrix_158_load|        scalar|
|p_ZL14storage_matrix_166_load  |   in|    1|     ap_none|           p_ZL14storage_matrix_166_load|        scalar|
|p_ZL14storage_matrix_174_load  |   in|    1|     ap_none|           p_ZL14storage_matrix_174_load|        scalar|
|p_ZL14storage_matrix_182_load  |   in|    1|     ap_none|           p_ZL14storage_matrix_182_load|        scalar|
|p_ZL14storage_matrix_190_load  |   in|    1|     ap_none|           p_ZL14storage_matrix_190_load|        scalar|
|p_ZL14storage_matrix_198_load  |   in|    1|     ap_none|           p_ZL14storage_matrix_198_load|        scalar|
|p_ZL14storage_matrix_206_load  |   in|    1|     ap_none|           p_ZL14storage_matrix_206_load|        scalar|
|p_ZL14storage_matrix_214_load  |   in|    1|     ap_none|           p_ZL14storage_matrix_214_load|        scalar|
|p_ZL14storage_matrix_222_load  |   in|    1|     ap_none|           p_ZL14storage_matrix_222_load|        scalar|
|p_ZL14storage_matrix_230_load  |   in|    1|     ap_none|           p_ZL14storage_matrix_230_load|        scalar|
|p_ZL14storage_matrix_238_load  |   in|    1|     ap_none|           p_ZL14storage_matrix_238_load|        scalar|
|p_ZL14storage_matrix_246_load  |   in|    1|     ap_none|           p_ZL14storage_matrix_246_load|        scalar|
|p_ZL14storage_matrix_254_load  |   in|    1|     ap_none|           p_ZL14storage_matrix_254_load|        scalar|
|p_ZL14storage_matrix_5_load    |   in|    1|     ap_none|             p_ZL14storage_matrix_5_load|        scalar|
|p_ZL14storage_matrix_13_load   |   in|    1|     ap_none|            p_ZL14storage_matrix_13_load|        scalar|
|p_ZL14storage_matrix_21_load   |   in|    1|     ap_none|            p_ZL14storage_matrix_21_load|        scalar|
|p_ZL14storage_matrix_29_load   |   in|    1|     ap_none|            p_ZL14storage_matrix_29_load|        scalar|
|p_ZL14storage_matrix_37_load   |   in|    1|     ap_none|            p_ZL14storage_matrix_37_load|        scalar|
|p_ZL14storage_matrix_45_load   |   in|    1|     ap_none|            p_ZL14storage_matrix_45_load|        scalar|
|p_ZL14storage_matrix_53_load   |   in|    1|     ap_none|            p_ZL14storage_matrix_53_load|        scalar|
|p_ZL14storage_matrix_61_load   |   in|    1|     ap_none|            p_ZL14storage_matrix_61_load|        scalar|
|p_ZL14storage_matrix_69_load   |   in|    1|     ap_none|            p_ZL14storage_matrix_69_load|        scalar|
|p_ZL14storage_matrix_77_load   |   in|    1|     ap_none|            p_ZL14storage_matrix_77_load|        scalar|
|p_ZL14storage_matrix_85_load   |   in|    1|     ap_none|            p_ZL14storage_matrix_85_load|        scalar|
|p_ZL14storage_matrix_93_load   |   in|    1|     ap_none|            p_ZL14storage_matrix_93_load|        scalar|
|p_ZL14storage_matrix_101_load  |   in|    1|     ap_none|           p_ZL14storage_matrix_101_load|        scalar|
|p_ZL14storage_matrix_109_load  |   in|    1|     ap_none|           p_ZL14storage_matrix_109_load|        scalar|
|p_ZL14storage_matrix_117_load  |   in|    1|     ap_none|           p_ZL14storage_matrix_117_load|        scalar|
|p_ZL14storage_matrix_125_load  |   in|    1|     ap_none|           p_ZL14storage_matrix_125_load|        scalar|
|p_ZL14storage_matrix_133_load  |   in|    1|     ap_none|           p_ZL14storage_matrix_133_load|        scalar|
|p_ZL14storage_matrix_141_load  |   in|    1|     ap_none|           p_ZL14storage_matrix_141_load|        scalar|
|p_ZL14storage_matrix_149_load  |   in|    1|     ap_none|           p_ZL14storage_matrix_149_load|        scalar|
|p_ZL14storage_matrix_157_load  |   in|    1|     ap_none|           p_ZL14storage_matrix_157_load|        scalar|
|p_ZL14storage_matrix_165_load  |   in|    1|     ap_none|           p_ZL14storage_matrix_165_load|        scalar|
|p_ZL14storage_matrix_173_load  |   in|    1|     ap_none|           p_ZL14storage_matrix_173_load|        scalar|
|p_ZL14storage_matrix_181_load  |   in|    1|     ap_none|           p_ZL14storage_matrix_181_load|        scalar|
|p_ZL14storage_matrix_189_load  |   in|    1|     ap_none|           p_ZL14storage_matrix_189_load|        scalar|
|p_ZL14storage_matrix_197_load  |   in|    1|     ap_none|           p_ZL14storage_matrix_197_load|        scalar|
|p_ZL14storage_matrix_205_load  |   in|    1|     ap_none|           p_ZL14storage_matrix_205_load|        scalar|
|p_ZL14storage_matrix_213_load  |   in|    1|     ap_none|           p_ZL14storage_matrix_213_load|        scalar|
|p_ZL14storage_matrix_221_load  |   in|    1|     ap_none|           p_ZL14storage_matrix_221_load|        scalar|
|p_ZL14storage_matrix_229_load  |   in|    1|     ap_none|           p_ZL14storage_matrix_229_load|        scalar|
|p_ZL14storage_matrix_237_load  |   in|    1|     ap_none|           p_ZL14storage_matrix_237_load|        scalar|
|p_ZL14storage_matrix_245_load  |   in|    1|     ap_none|           p_ZL14storage_matrix_245_load|        scalar|
|p_ZL14storage_matrix_253_load  |   in|    1|     ap_none|           p_ZL14storage_matrix_253_load|        scalar|
|p_ZL14storage_matrix_4_load    |   in|    1|     ap_none|             p_ZL14storage_matrix_4_load|        scalar|
|p_ZL14storage_matrix_12_load   |   in|    1|     ap_none|            p_ZL14storage_matrix_12_load|        scalar|
|p_ZL14storage_matrix_20_load   |   in|    1|     ap_none|            p_ZL14storage_matrix_20_load|        scalar|
|p_ZL14storage_matrix_28_load   |   in|    1|     ap_none|            p_ZL14storage_matrix_28_load|        scalar|
|p_ZL14storage_matrix_36_load   |   in|    1|     ap_none|            p_ZL14storage_matrix_36_load|        scalar|
|p_ZL14storage_matrix_44_load   |   in|    1|     ap_none|            p_ZL14storage_matrix_44_load|        scalar|
|p_ZL14storage_matrix_52_load   |   in|    1|     ap_none|            p_ZL14storage_matrix_52_load|        scalar|
|p_ZL14storage_matrix_60_load   |   in|    1|     ap_none|            p_ZL14storage_matrix_60_load|        scalar|
|p_ZL14storage_matrix_68_load   |   in|    1|     ap_none|            p_ZL14storage_matrix_68_load|        scalar|
|p_ZL14storage_matrix_76_load   |   in|    1|     ap_none|            p_ZL14storage_matrix_76_load|        scalar|
|p_ZL14storage_matrix_84_load   |   in|    1|     ap_none|            p_ZL14storage_matrix_84_load|        scalar|
|p_ZL14storage_matrix_92_load   |   in|    1|     ap_none|            p_ZL14storage_matrix_92_load|        scalar|
|p_ZL14storage_matrix_100_load  |   in|    1|     ap_none|           p_ZL14storage_matrix_100_load|        scalar|
|p_ZL14storage_matrix_108_load  |   in|    1|     ap_none|           p_ZL14storage_matrix_108_load|        scalar|
|p_ZL14storage_matrix_116_load  |   in|    1|     ap_none|           p_ZL14storage_matrix_116_load|        scalar|
|p_ZL14storage_matrix_124_load  |   in|    1|     ap_none|           p_ZL14storage_matrix_124_load|        scalar|
|p_ZL14storage_matrix_132_load  |   in|    1|     ap_none|           p_ZL14storage_matrix_132_load|        scalar|
|p_ZL14storage_matrix_140_load  |   in|    1|     ap_none|           p_ZL14storage_matrix_140_load|        scalar|
|p_ZL14storage_matrix_148_load  |   in|    1|     ap_none|           p_ZL14storage_matrix_148_load|        scalar|
|p_ZL14storage_matrix_156_load  |   in|    1|     ap_none|           p_ZL14storage_matrix_156_load|        scalar|
|p_ZL14storage_matrix_164_load  |   in|    1|     ap_none|           p_ZL14storage_matrix_164_load|        scalar|
|p_ZL14storage_matrix_172_load  |   in|    1|     ap_none|           p_ZL14storage_matrix_172_load|        scalar|
|p_ZL14storage_matrix_180_load  |   in|    1|     ap_none|           p_ZL14storage_matrix_180_load|        scalar|
|p_ZL14storage_matrix_188_load  |   in|    1|     ap_none|           p_ZL14storage_matrix_188_load|        scalar|
|p_ZL14storage_matrix_196_load  |   in|    1|     ap_none|           p_ZL14storage_matrix_196_load|        scalar|
|p_ZL14storage_matrix_204_load  |   in|    1|     ap_none|           p_ZL14storage_matrix_204_load|        scalar|
|p_ZL14storage_matrix_212_load  |   in|    1|     ap_none|           p_ZL14storage_matrix_212_load|        scalar|
|p_ZL14storage_matrix_220_load  |   in|    1|     ap_none|           p_ZL14storage_matrix_220_load|        scalar|
|p_ZL14storage_matrix_228_load  |   in|    1|     ap_none|           p_ZL14storage_matrix_228_load|        scalar|
|p_ZL14storage_matrix_236_load  |   in|    1|     ap_none|           p_ZL14storage_matrix_236_load|        scalar|
|p_ZL14storage_matrix_244_load  |   in|    1|     ap_none|           p_ZL14storage_matrix_244_load|        scalar|
|p_ZL14storage_matrix_252_load  |   in|    1|     ap_none|           p_ZL14storage_matrix_252_load|        scalar|
|p_ZL14storage_matrix_3_load    |   in|    1|     ap_none|             p_ZL14storage_matrix_3_load|        scalar|
|p_ZL14storage_matrix_11_load   |   in|    1|     ap_none|            p_ZL14storage_matrix_11_load|        scalar|
|p_ZL14storage_matrix_19_load   |   in|    1|     ap_none|            p_ZL14storage_matrix_19_load|        scalar|
|p_ZL14storage_matrix_27_load   |   in|    1|     ap_none|            p_ZL14storage_matrix_27_load|        scalar|
|p_ZL14storage_matrix_35_load   |   in|    1|     ap_none|            p_ZL14storage_matrix_35_load|        scalar|
|p_ZL14storage_matrix_43_load   |   in|    1|     ap_none|            p_ZL14storage_matrix_43_load|        scalar|
|p_ZL14storage_matrix_51_load   |   in|    1|     ap_none|            p_ZL14storage_matrix_51_load|        scalar|
|p_ZL14storage_matrix_59_load   |   in|    1|     ap_none|            p_ZL14storage_matrix_59_load|        scalar|
|p_ZL14storage_matrix_67_load   |   in|    1|     ap_none|            p_ZL14storage_matrix_67_load|        scalar|
|p_ZL14storage_matrix_75_load   |   in|    1|     ap_none|            p_ZL14storage_matrix_75_load|        scalar|
|p_ZL14storage_matrix_83_load   |   in|    1|     ap_none|            p_ZL14storage_matrix_83_load|        scalar|
|p_ZL14storage_matrix_91_load   |   in|    1|     ap_none|            p_ZL14storage_matrix_91_load|        scalar|
|p_ZL14storage_matrix_99_load   |   in|    1|     ap_none|            p_ZL14storage_matrix_99_load|        scalar|
|p_ZL14storage_matrix_107_load  |   in|    1|     ap_none|           p_ZL14storage_matrix_107_load|        scalar|
|p_ZL14storage_matrix_115_load  |   in|    1|     ap_none|           p_ZL14storage_matrix_115_load|        scalar|
|p_ZL14storage_matrix_123_load  |   in|    1|     ap_none|           p_ZL14storage_matrix_123_load|        scalar|
|p_ZL14storage_matrix_131_load  |   in|    1|     ap_none|           p_ZL14storage_matrix_131_load|        scalar|
|p_ZL14storage_matrix_139_load  |   in|    1|     ap_none|           p_ZL14storage_matrix_139_load|        scalar|
|p_ZL14storage_matrix_147_load  |   in|    1|     ap_none|           p_ZL14storage_matrix_147_load|        scalar|
|p_ZL14storage_matrix_155_load  |   in|    1|     ap_none|           p_ZL14storage_matrix_155_load|        scalar|
|p_ZL14storage_matrix_163_load  |   in|    1|     ap_none|           p_ZL14storage_matrix_163_load|        scalar|
|p_ZL14storage_matrix_171_load  |   in|    1|     ap_none|           p_ZL14storage_matrix_171_load|        scalar|
|p_ZL14storage_matrix_179_load  |   in|    1|     ap_none|           p_ZL14storage_matrix_179_load|        scalar|
|p_ZL14storage_matrix_187_load  |   in|    1|     ap_none|           p_ZL14storage_matrix_187_load|        scalar|
|p_ZL14storage_matrix_195_load  |   in|    1|     ap_none|           p_ZL14storage_matrix_195_load|        scalar|
|p_ZL14storage_matrix_203_load  |   in|    1|     ap_none|           p_ZL14storage_matrix_203_load|        scalar|
|p_ZL14storage_matrix_211_load  |   in|    1|     ap_none|           p_ZL14storage_matrix_211_load|        scalar|
|p_ZL14storage_matrix_219_load  |   in|    1|     ap_none|           p_ZL14storage_matrix_219_load|        scalar|
|p_ZL14storage_matrix_227_load  |   in|    1|     ap_none|           p_ZL14storage_matrix_227_load|        scalar|
|p_ZL14storage_matrix_235_load  |   in|    1|     ap_none|           p_ZL14storage_matrix_235_load|        scalar|
|p_ZL14storage_matrix_243_load  |   in|    1|     ap_none|           p_ZL14storage_matrix_243_load|        scalar|
|p_ZL14storage_matrix_251_load  |   in|    1|     ap_none|           p_ZL14storage_matrix_251_load|        scalar|
|p_ZL14storage_matrix_2_load    |   in|    1|     ap_none|             p_ZL14storage_matrix_2_load|        scalar|
|p_ZL14storage_matrix_10_load   |   in|    1|     ap_none|            p_ZL14storage_matrix_10_load|        scalar|
|p_ZL14storage_matrix_18_load   |   in|    1|     ap_none|            p_ZL14storage_matrix_18_load|        scalar|
|p_ZL14storage_matrix_26_load   |   in|    1|     ap_none|            p_ZL14storage_matrix_26_load|        scalar|
|p_ZL14storage_matrix_34_load   |   in|    1|     ap_none|            p_ZL14storage_matrix_34_load|        scalar|
|p_ZL14storage_matrix_42_load   |   in|    1|     ap_none|            p_ZL14storage_matrix_42_load|        scalar|
|p_ZL14storage_matrix_50_load   |   in|    1|     ap_none|            p_ZL14storage_matrix_50_load|        scalar|
|p_ZL14storage_matrix_58_load   |   in|    1|     ap_none|            p_ZL14storage_matrix_58_load|        scalar|
|p_ZL14storage_matrix_66_load   |   in|    1|     ap_none|            p_ZL14storage_matrix_66_load|        scalar|
|p_ZL14storage_matrix_74_load   |   in|    1|     ap_none|            p_ZL14storage_matrix_74_load|        scalar|
|p_ZL14storage_matrix_82_load   |   in|    1|     ap_none|            p_ZL14storage_matrix_82_load|        scalar|
|p_ZL14storage_matrix_90_load   |   in|    1|     ap_none|            p_ZL14storage_matrix_90_load|        scalar|
|p_ZL14storage_matrix_98_load   |   in|    1|     ap_none|            p_ZL14storage_matrix_98_load|        scalar|
|p_ZL14storage_matrix_106_load  |   in|    1|     ap_none|           p_ZL14storage_matrix_106_load|        scalar|
|p_ZL14storage_matrix_114_load  |   in|    1|     ap_none|           p_ZL14storage_matrix_114_load|        scalar|
|p_ZL14storage_matrix_122_load  |   in|    1|     ap_none|           p_ZL14storage_matrix_122_load|        scalar|
|p_ZL14storage_matrix_130_load  |   in|    1|     ap_none|           p_ZL14storage_matrix_130_load|        scalar|
|p_ZL14storage_matrix_138_load  |   in|    1|     ap_none|           p_ZL14storage_matrix_138_load|        scalar|
|p_ZL14storage_matrix_146_load  |   in|    1|     ap_none|           p_ZL14storage_matrix_146_load|        scalar|
|p_ZL14storage_matrix_154_load  |   in|    1|     ap_none|           p_ZL14storage_matrix_154_load|        scalar|
|p_ZL14storage_matrix_162_load  |   in|    1|     ap_none|           p_ZL14storage_matrix_162_load|        scalar|
|p_ZL14storage_matrix_170_load  |   in|    1|     ap_none|           p_ZL14storage_matrix_170_load|        scalar|
|p_ZL14storage_matrix_178_load  |   in|    1|     ap_none|           p_ZL14storage_matrix_178_load|        scalar|
|p_ZL14storage_matrix_186_load  |   in|    1|     ap_none|           p_ZL14storage_matrix_186_load|        scalar|
|p_ZL14storage_matrix_194_load  |   in|    1|     ap_none|           p_ZL14storage_matrix_194_load|        scalar|
|p_ZL14storage_matrix_202_load  |   in|    1|     ap_none|           p_ZL14storage_matrix_202_load|        scalar|
|p_ZL14storage_matrix_210_load  |   in|    1|     ap_none|           p_ZL14storage_matrix_210_load|        scalar|
|p_ZL14storage_matrix_218_load  |   in|    1|     ap_none|           p_ZL14storage_matrix_218_load|        scalar|
|p_ZL14storage_matrix_226_load  |   in|    1|     ap_none|           p_ZL14storage_matrix_226_load|        scalar|
|p_ZL14storage_matrix_234_load  |   in|    1|     ap_none|           p_ZL14storage_matrix_234_load|        scalar|
|p_ZL14storage_matrix_242_load  |   in|    1|     ap_none|           p_ZL14storage_matrix_242_load|        scalar|
|p_ZL14storage_matrix_250_load  |   in|    1|     ap_none|           p_ZL14storage_matrix_250_load|        scalar|
|p_ZL14storage_matrix_1_load    |   in|    1|     ap_none|             p_ZL14storage_matrix_1_load|        scalar|
|p_ZL14storage_matrix_9_load    |   in|    1|     ap_none|             p_ZL14storage_matrix_9_load|        scalar|
|p_ZL14storage_matrix_17_load   |   in|    1|     ap_none|            p_ZL14storage_matrix_17_load|        scalar|
|p_ZL14storage_matrix_25_load   |   in|    1|     ap_none|            p_ZL14storage_matrix_25_load|        scalar|
|p_ZL14storage_matrix_33_load   |   in|    1|     ap_none|            p_ZL14storage_matrix_33_load|        scalar|
|p_ZL14storage_matrix_41_load   |   in|    1|     ap_none|            p_ZL14storage_matrix_41_load|        scalar|
|p_ZL14storage_matrix_49_load   |   in|    1|     ap_none|            p_ZL14storage_matrix_49_load|        scalar|
|p_ZL14storage_matrix_57_load   |   in|    1|     ap_none|            p_ZL14storage_matrix_57_load|        scalar|
|p_ZL14storage_matrix_65_load   |   in|    1|     ap_none|            p_ZL14storage_matrix_65_load|        scalar|
|p_ZL14storage_matrix_73_load   |   in|    1|     ap_none|            p_ZL14storage_matrix_73_load|        scalar|
|p_ZL14storage_matrix_81_load   |   in|    1|     ap_none|            p_ZL14storage_matrix_81_load|        scalar|
|p_ZL14storage_matrix_89_load   |   in|    1|     ap_none|            p_ZL14storage_matrix_89_load|        scalar|
|p_ZL14storage_matrix_97_load   |   in|    1|     ap_none|            p_ZL14storage_matrix_97_load|        scalar|
|p_ZL14storage_matrix_105_load  |   in|    1|     ap_none|           p_ZL14storage_matrix_105_load|        scalar|
|p_ZL14storage_matrix_113_load  |   in|    1|     ap_none|           p_ZL14storage_matrix_113_load|        scalar|
|p_ZL14storage_matrix_121_load  |   in|    1|     ap_none|           p_ZL14storage_matrix_121_load|        scalar|
|p_ZL14storage_matrix_129_load  |   in|    1|     ap_none|           p_ZL14storage_matrix_129_load|        scalar|
|p_ZL14storage_matrix_137_load  |   in|    1|     ap_none|           p_ZL14storage_matrix_137_load|        scalar|
|p_ZL14storage_matrix_145_load  |   in|    1|     ap_none|           p_ZL14storage_matrix_145_load|        scalar|
|p_ZL14storage_matrix_153_load  |   in|    1|     ap_none|           p_ZL14storage_matrix_153_load|        scalar|
|p_ZL14storage_matrix_161_load  |   in|    1|     ap_none|           p_ZL14storage_matrix_161_load|        scalar|
|p_ZL14storage_matrix_169_load  |   in|    1|     ap_none|           p_ZL14storage_matrix_169_load|        scalar|
|p_ZL14storage_matrix_177_load  |   in|    1|     ap_none|           p_ZL14storage_matrix_177_load|        scalar|
|p_ZL14storage_matrix_185_load  |   in|    1|     ap_none|           p_ZL14storage_matrix_185_load|        scalar|
|p_ZL14storage_matrix_193_load  |   in|    1|     ap_none|           p_ZL14storage_matrix_193_load|        scalar|
|p_ZL14storage_matrix_201_load  |   in|    1|     ap_none|           p_ZL14storage_matrix_201_load|        scalar|
|p_ZL14storage_matrix_209_load  |   in|    1|     ap_none|           p_ZL14storage_matrix_209_load|        scalar|
|p_ZL14storage_matrix_217_load  |   in|    1|     ap_none|           p_ZL14storage_matrix_217_load|        scalar|
|p_ZL14storage_matrix_225_load  |   in|    1|     ap_none|           p_ZL14storage_matrix_225_load|        scalar|
|p_ZL14storage_matrix_233_load  |   in|    1|     ap_none|           p_ZL14storage_matrix_233_load|        scalar|
|p_ZL14storage_matrix_241_load  |   in|    1|     ap_none|           p_ZL14storage_matrix_241_load|        scalar|
|p_ZL14storage_matrix_249_load  |   in|    1|     ap_none|           p_ZL14storage_matrix_249_load|        scalar|
|v_V_7_address0                 |  out|    5|   ap_memory|                                   v_V_7|         array|
|v_V_7_ce0                      |  out|    1|   ap_memory|                                   v_V_7|         array|
|v_V_7_we0                      |  out|    1|   ap_memory|                                   v_V_7|         array|
|v_V_7_d0                       |  out|    7|   ap_memory|                                   v_V_7|         array|
|v_V_7_address1                 |  out|    5|   ap_memory|                                   v_V_7|         array|
|v_V_7_ce1                      |  out|    1|   ap_memory|                                   v_V_7|         array|
|v_V_7_q1                       |   in|    7|   ap_memory|                                   v_V_7|         array|
|v_V_6_address0                 |  out|    5|   ap_memory|                                   v_V_6|         array|
|v_V_6_ce0                      |  out|    1|   ap_memory|                                   v_V_6|         array|
|v_V_6_we0                      |  out|    1|   ap_memory|                                   v_V_6|         array|
|v_V_6_d0                       |  out|    7|   ap_memory|                                   v_V_6|         array|
|v_V_6_address1                 |  out|    5|   ap_memory|                                   v_V_6|         array|
|v_V_6_ce1                      |  out|    1|   ap_memory|                                   v_V_6|         array|
|v_V_6_q1                       |   in|    7|   ap_memory|                                   v_V_6|         array|
|v_V_5_address0                 |  out|    5|   ap_memory|                                   v_V_5|         array|
|v_V_5_ce0                      |  out|    1|   ap_memory|                                   v_V_5|         array|
|v_V_5_we0                      |  out|    1|   ap_memory|                                   v_V_5|         array|
|v_V_5_d0                       |  out|    7|   ap_memory|                                   v_V_5|         array|
|v_V_5_address1                 |  out|    5|   ap_memory|                                   v_V_5|         array|
|v_V_5_ce1                      |  out|    1|   ap_memory|                                   v_V_5|         array|
|v_V_5_q1                       |   in|    7|   ap_memory|                                   v_V_5|         array|
|v_V_4_address0                 |  out|    5|   ap_memory|                                   v_V_4|         array|
|v_V_4_ce0                      |  out|    1|   ap_memory|                                   v_V_4|         array|
|v_V_4_we0                      |  out|    1|   ap_memory|                                   v_V_4|         array|
|v_V_4_d0                       |  out|    7|   ap_memory|                                   v_V_4|         array|
|v_V_4_address1                 |  out|    5|   ap_memory|                                   v_V_4|         array|
|v_V_4_ce1                      |  out|    1|   ap_memory|                                   v_V_4|         array|
|v_V_4_q1                       |   in|    7|   ap_memory|                                   v_V_4|         array|
|v_V_3_address0                 |  out|    5|   ap_memory|                                   v_V_3|         array|
|v_V_3_ce0                      |  out|    1|   ap_memory|                                   v_V_3|         array|
|v_V_3_we0                      |  out|    1|   ap_memory|                                   v_V_3|         array|
|v_V_3_d0                       |  out|    7|   ap_memory|                                   v_V_3|         array|
|v_V_3_address1                 |  out|    5|   ap_memory|                                   v_V_3|         array|
|v_V_3_ce1                      |  out|    1|   ap_memory|                                   v_V_3|         array|
|v_V_3_q1                       |   in|    7|   ap_memory|                                   v_V_3|         array|
|v_V_2_address0                 |  out|    5|   ap_memory|                                   v_V_2|         array|
|v_V_2_ce0                      |  out|    1|   ap_memory|                                   v_V_2|         array|
|v_V_2_we0                      |  out|    1|   ap_memory|                                   v_V_2|         array|
|v_V_2_d0                       |  out|    7|   ap_memory|                                   v_V_2|         array|
|v_V_2_address1                 |  out|    5|   ap_memory|                                   v_V_2|         array|
|v_V_2_ce1                      |  out|    1|   ap_memory|                                   v_V_2|         array|
|v_V_2_q1                       |   in|    7|   ap_memory|                                   v_V_2|         array|
|v_V_1_address0                 |  out|    5|   ap_memory|                                   v_V_1|         array|
|v_V_1_ce0                      |  out|    1|   ap_memory|                                   v_V_1|         array|
|v_V_1_we0                      |  out|    1|   ap_memory|                                   v_V_1|         array|
|v_V_1_d0                       |  out|    7|   ap_memory|                                   v_V_1|         array|
|v_V_1_address1                 |  out|    5|   ap_memory|                                   v_V_1|         array|
|v_V_1_ce1                      |  out|    1|   ap_memory|                                   v_V_1|         array|
|v_V_1_q1                       |   in|    7|   ap_memory|                                   v_V_1|         array|
|v_V_address0                   |  out|    5|   ap_memory|                                     v_V|         array|
|v_V_ce0                        |  out|    1|   ap_memory|                                     v_V|         array|
|v_V_we0                        |  out|    1|   ap_memory|                                     v_V|         array|
|v_V_d0                         |  out|    7|   ap_memory|                                     v_V|         array|
|v_V_address1                   |  out|    5|   ap_memory|                                     v_V|         array|
|v_V_ce1                        |  out|    1|   ap_memory|                                     v_V|         array|
|v_V_q1                         |   in|    7|   ap_memory|                                     v_V|         array|
|p_ZL14storage_matrix_0_load    |   in|    1|     ap_none|             p_ZL14storage_matrix_0_load|        scalar|
|p_ZL14storage_matrix_8_load    |   in|    1|     ap_none|             p_ZL14storage_matrix_8_load|        scalar|
|p_ZL14storage_matrix_16_load   |   in|    1|     ap_none|            p_ZL14storage_matrix_16_load|        scalar|
|p_ZL14storage_matrix_24_load   |   in|    1|     ap_none|            p_ZL14storage_matrix_24_load|        scalar|
|p_ZL14storage_matrix_32_load   |   in|    1|     ap_none|            p_ZL14storage_matrix_32_load|        scalar|
|p_ZL14storage_matrix_40_load   |   in|    1|     ap_none|            p_ZL14storage_matrix_40_load|        scalar|
|p_ZL14storage_matrix_48_load   |   in|    1|     ap_none|            p_ZL14storage_matrix_48_load|        scalar|
|p_ZL14storage_matrix_56_load   |   in|    1|     ap_none|            p_ZL14storage_matrix_56_load|        scalar|
|p_ZL14storage_matrix_64_load   |   in|    1|     ap_none|            p_ZL14storage_matrix_64_load|        scalar|
|p_ZL14storage_matrix_72_load   |   in|    1|     ap_none|            p_ZL14storage_matrix_72_load|        scalar|
|p_ZL14storage_matrix_80_load   |   in|    1|     ap_none|            p_ZL14storage_matrix_80_load|        scalar|
|p_ZL14storage_matrix_88_load   |   in|    1|     ap_none|            p_ZL14storage_matrix_88_load|        scalar|
|p_ZL14storage_matrix_96_load   |   in|    1|     ap_none|            p_ZL14storage_matrix_96_load|        scalar|
|p_ZL14storage_matrix_104_load  |   in|    1|     ap_none|           p_ZL14storage_matrix_104_load|        scalar|
|p_ZL14storage_matrix_112_load  |   in|    1|     ap_none|           p_ZL14storage_matrix_112_load|        scalar|
|p_ZL14storage_matrix_120_load  |   in|    1|     ap_none|           p_ZL14storage_matrix_120_load|        scalar|
|p_ZL14storage_matrix_128_load  |   in|    1|     ap_none|           p_ZL14storage_matrix_128_load|        scalar|
|p_ZL14storage_matrix_136_load  |   in|    1|     ap_none|           p_ZL14storage_matrix_136_load|        scalar|
|p_ZL14storage_matrix_144_load  |   in|    1|     ap_none|           p_ZL14storage_matrix_144_load|        scalar|
|p_ZL14storage_matrix_152_load  |   in|    1|     ap_none|           p_ZL14storage_matrix_152_load|        scalar|
|p_ZL14storage_matrix_160_load  |   in|    1|     ap_none|           p_ZL14storage_matrix_160_load|        scalar|
|p_ZL14storage_matrix_168_load  |   in|    1|     ap_none|           p_ZL14storage_matrix_168_load|        scalar|
|p_ZL14storage_matrix_176_load  |   in|    1|     ap_none|           p_ZL14storage_matrix_176_load|        scalar|
|p_ZL14storage_matrix_184_load  |   in|    1|     ap_none|           p_ZL14storage_matrix_184_load|        scalar|
|p_ZL14storage_matrix_192_load  |   in|    1|     ap_none|           p_ZL14storage_matrix_192_load|        scalar|
|p_ZL14storage_matrix_200_load  |   in|    1|     ap_none|           p_ZL14storage_matrix_200_load|        scalar|
|p_ZL14storage_matrix_208_load  |   in|    1|     ap_none|           p_ZL14storage_matrix_208_load|        scalar|
|p_ZL14storage_matrix_216_load  |   in|    1|     ap_none|           p_ZL14storage_matrix_216_load|        scalar|
|p_ZL14storage_matrix_224_load  |   in|    1|     ap_none|           p_ZL14storage_matrix_224_load|        scalar|
|p_ZL14storage_matrix_232_load  |   in|    1|     ap_none|           p_ZL14storage_matrix_232_load|        scalar|
|p_ZL14storage_matrix_240_load  |   in|    1|     ap_none|           p_ZL14storage_matrix_240_load|        scalar|
|p_ZL14storage_matrix_248_load  |   in|    1|     ap_none|           p_ZL14storage_matrix_248_load|        scalar|
|ref_timer_V_address0           |  out|    5|   ap_memory|                             ref_timer_V|         array|
|ref_timer_V_ce0                |  out|    1|   ap_memory|                             ref_timer_V|         array|
|ref_timer_V_q0                 |   in|    3|   ap_memory|                             ref_timer_V|         array|
|ref_timer_V_1_address0         |  out|    5|   ap_memory|                           ref_timer_V_1|         array|
|ref_timer_V_1_ce0              |  out|    1|   ap_memory|                           ref_timer_V_1|         array|
|ref_timer_V_1_q0               |   in|    3|   ap_memory|                           ref_timer_V_1|         array|
|ref_timer_V_2_address0         |  out|    5|   ap_memory|                           ref_timer_V_2|         array|
|ref_timer_V_2_ce0              |  out|    1|   ap_memory|                           ref_timer_V_2|         array|
|ref_timer_V_2_q0               |   in|    3|   ap_memory|                           ref_timer_V_2|         array|
|ref_timer_V_3_address0         |  out|    5|   ap_memory|                           ref_timer_V_3|         array|
|ref_timer_V_3_ce0              |  out|    1|   ap_memory|                           ref_timer_V_3|         array|
|ref_timer_V_3_q0               |   in|    3|   ap_memory|                           ref_timer_V_3|         array|
|ref_timer_V_4_address0         |  out|    5|   ap_memory|                           ref_timer_V_4|         array|
|ref_timer_V_4_ce0              |  out|    1|   ap_memory|                           ref_timer_V_4|         array|
|ref_timer_V_4_q0               |   in|    3|   ap_memory|                           ref_timer_V_4|         array|
|ref_timer_V_5_address0         |  out|    5|   ap_memory|                           ref_timer_V_5|         array|
|ref_timer_V_5_ce0              |  out|    1|   ap_memory|                           ref_timer_V_5|         array|
|ref_timer_V_5_q0               |   in|    3|   ap_memory|                           ref_timer_V_5|         array|
|ref_timer_V_6_address0         |  out|    5|   ap_memory|                           ref_timer_V_6|         array|
|ref_timer_V_6_ce0              |  out|    1|   ap_memory|                           ref_timer_V_6|         array|
|ref_timer_V_6_q0               |   in|    3|   ap_memory|                           ref_timer_V_6|         array|
|ref_timer_V_7_address0         |  out|    5|   ap_memory|                           ref_timer_V_7|         array|
|ref_timer_V_7_ce0              |  out|    1|   ap_memory|                           ref_timer_V_7|         array|
|ref_timer_V_7_q0               |   in|    3|   ap_memory|                           ref_timer_V_7|         array|
+-------------------------------+-----+-----+------------+----------------------------------------+--------------+

