

================================================================
== Vitis HLS Report for 'spiking_binam_Pipeline_VITIS_LOOP_67_6'
================================================================
* Date:           Mon May  5 13:02:26 2025

* Version:        2022.2 (Build 3670227 on Oct 13 2022)
* Project:        SpikingBINAM
* Solution:       solution1 (Vivado IP Flow Target)
* Product family: zynquplus
* Target device:  xck26-sfvc784-2LV-c


================================================================
== Performance Estimates
================================================================
+ Timing: 
    * Summary: 
    +--------+----------+----------+------------+
    |  Clock |  Target  | Estimated| Uncertainty|
    +--------+----------+----------+------------+
    |ap_clk  |  10.00 ns|  2.748 ns|     2.70 ns|
    +--------+----------+----------+------------+

+ Latency: 
    * Summary: 
    +---------+---------+----------+----------+-----+-----+---------+
    |  Latency (cycles) |  Latency (absolute) |  Interval | Pipeline|
    |   min   |   max   |    min   |    max   | min | max |   Type  |
    +---------+---------+----------+----------+-----+-----+---------+
    |      258|      258|  2.580 us|  2.580 us|  258|  258|       no|
    +---------+---------+----------+----------+-----+-----+---------+

    + Detail: 
        * Instance: 
        N/A

        * Loop: 
        +-------------------+---------+---------+----------+-----------+-----------+------+----------+
        |                   |  Latency (cycles) | Iteration|  Initiation Interval  | Trip |          |
        |     Loop Name     |   min   |   max   |  Latency |  achieved |   target  | Count| Pipelined|
        +-------------------+---------+---------+----------+-----------+-----------+------+----------+
        |- VITIS_LOOP_67_6  |      256|      256|         2|          1|          1|   256|       yes|
        +-------------------+---------+---------+----------+-----------+-----------+------+----------+



================================================================
== Utilization Estimates
================================================================
* Summary: 
+-----------------+---------+------+--------+--------+-----+
|       Name      | BRAM_18K|  DSP |   FF   |   LUT  | URAM|
+-----------------+---------+------+--------+--------+-----+
|DSP              |        -|     -|       -|       -|    -|
|Expression       |        -|     -|       0|      47|    -|
|FIFO             |        -|     -|       -|       -|    -|
|Instance         |        -|     -|       0|      43|    -|
|Memory           |        -|     -|       -|       -|    -|
|Multiplexer      |        -|     -|       -|      36|    -|
|Register         |        -|     -|      55|       -|    -|
+-----------------+---------+------+--------+--------+-----+
|Total            |        0|     0|      55|     126|    0|
+-----------------+---------+------+--------+--------+-----+
|Available        |      288|  1248|  234240|  117120|   64|
+-----------------+---------+------+--------+--------+-----+
|Utilization (%)  |        0|     0|      ~0|      ~0|    0|
+-----------------+---------+------+--------+--------+-----+

+ Detail: 
    * Instance: 
    +------------------+--------------+---------+----+---+----+-----+
    |     Instance     |    Module    | BRAM_18K| DSP| FF| LUT| URAM|
    +------------------+--------------+---------+----+---+----+-----+
    |mux_83_3_1_1_U38  |mux_83_3_1_1  |        0|   0|  0|  43|    0|
    +------------------+--------------+---------+----+---+----+-----+
    |Total             |              |        0|   0|  0|  43|    0|
    +------------------+--------------+---------+----+---+----+-----+

    * DSP: 
    N/A

    * Memory: 
    N/A

    * FIFO: 
    N/A

    * Expression: 
    +-----------------------+----------+----+---+----+------------+------------+
    |     Variable Name     | Operation| DSP| FF| LUT| Bitwidth P0| Bitwidth P1|
    +-----------------------+----------+----+---+----+------------+------------+
    |add_ln67_fu_218_p2     |         +|   0|  0|  16|           9|           1|
    |add_ln841_fu_282_p2    |         +|   0|  0|  10|           3|           2|
    |icmp_ln1035_fu_276_p2  |      icmp|   0|  0|   8|           3|           1|
    |icmp_ln67_fu_212_p2    |      icmp|   0|  0|  11|           9|          10|
    |ap_enable_pp0          |       xor|   0|  0|   2|           1|           2|
    +-----------------------+----------+----+---+----+------------+------------+
    |Total                  |          |   0|  0|  47|          25|          16|
    +-----------------------+----------+----+---+----+------------+------------+

    * Multiplexer: 
    +-------------------------+----+-----------+-----+-----------+
    |           Name          | LUT| Input Size| Bits| Total Bits|
    +-------------------------+----+-----------+-----+-----------+
    |ap_done_int              |   9|          2|    1|          2|
    |ap_enable_reg_pp0_iter1  |   9|          2|    1|          2|
    |ap_sig_allocacmp_i       |   9|          2|    9|         18|
    |i_1_fu_64                |   9|          2|    9|         18|
    +-------------------------+----+-----------+-----+-----------+
    |Total                    |  36|          8|   20|         40|
    +-------------------------+----+-----------+-----+-----------+

    * Register: 
    +---------------------------------------------------------------------------+---+----+-----+-----------+
    |                                    Name                                   | FF| LUT| Bits| Const Bits|
    +---------------------------------------------------------------------------+---+----+-----+-----------+
    |ap_CS_fsm                                                                  |  1|   0|    1|          0|
    |ap_done_reg                                                                |  1|   0|    1|          0|
    |ap_enable_reg_pp0_iter1                                                    |  1|   0|    1|          0|
    |i_1_fu_64                                                                  |  9|   0|    9|          0|
    |spiking_binam_stream_Spike_0_int_stream_Spike_0_ref_timer_10_addr_reg_324  |  5|   0|    5|          0|
    |spiking_binam_stream_Spike_0_int_stream_Spike_0_ref_timer_11_addr_reg_330  |  5|   0|    5|          0|
    |spiking_binam_stream_Spike_0_int_stream_Spike_0_ref_timer_12_addr_reg_336  |  5|   0|    5|          0|
    |spiking_binam_stream_Spike_0_int_stream_Spike_0_ref_timer_13_addr_reg_342  |  5|   0|    5|          0|
    |spiking_binam_stream_Spike_0_int_stream_Spike_0_ref_timer_14_addr_reg_348  |  5|   0|    5|          0|
    |spiking_binam_stream_Spike_0_int_stream_Spike_0_ref_timer_8_addr_reg_312   |  5|   0|    5|          0|
    |spiking_binam_stream_Spike_0_int_stream_Spike_0_ref_timer_9_addr_reg_318   |  5|   0|    5|          0|
    |spiking_binam_stream_Spike_0_int_stream_Spike_0_ref_timer_addr_reg_306     |  5|   0|    5|          0|
    |trunc_ln1035_reg_354                                                       |  3|   0|    3|          0|
    +---------------------------------------------------------------------------+---+----+-----+-----------+
    |Total                                                                      | 55|   0|   55|          0|
    +---------------------------------------------------------------------------+---+----+-----+-----------+



================================================================
== Interface
================================================================
* Summary: 
+-----------------------------------------------------------------------+-----+-----+------------+--------------------------------------------------------------+--------------+
|                               RTL Ports                               | Dir | Bits|  Protocol  |                         Source Object                        |    C Type    |
+-----------------------------------------------------------------------+-----+-----+------------+--------------------------------------------------------------+--------------+
|ap_clk                                                                 |   in|    1|  ap_ctrl_hs|                        spiking_binam_Pipeline_VITIS_LOOP_67_6|  return value|
|ap_rst                                                                 |   in|    1|  ap_ctrl_hs|                        spiking_binam_Pipeline_VITIS_LOOP_67_6|  return value|
|ap_start                                                               |   in|    1|  ap_ctrl_hs|                        spiking_binam_Pipeline_VITIS_LOOP_67_6|  return value|
|ap_done                                                                |  out|    1|  ap_ctrl_hs|                        spiking_binam_Pipeline_VITIS_LOOP_67_6|  return value|
|ap_idle                                                                |  out|    1|  ap_ctrl_hs|                        spiking_binam_Pipeline_VITIS_LOOP_67_6|  return value|
|ap_ready                                                               |  out|    1|  ap_ctrl_hs|                        spiking_binam_Pipeline_VITIS_LOOP_67_6|  return value|
|spiking_binam_stream_Spike_0_int_stream_Spike_0_ref_timer_address0     |  out|    5|   ap_memory|     spiking_binam_stream_Spike_0_int_stream_Spike_0_ref_timer|         array|
|spiking_binam_stream_Spike_0_int_stream_Spike_0_ref_timer_ce0          |  out|    1|   ap_memory|     spiking_binam_stream_Spike_0_int_stream_Spike_0_ref_timer|         array|
|spiking_binam_stream_Spike_0_int_stream_Spike_0_ref_timer_we0          |  out|    1|   ap_memory|     spiking_binam_stream_Spike_0_int_stream_Spike_0_ref_timer|         array|
|spiking_binam_stream_Spike_0_int_stream_Spike_0_ref_timer_d0           |  out|    3|   ap_memory|     spiking_binam_stream_Spike_0_int_stream_Spike_0_ref_timer|         array|
|spiking_binam_stream_Spike_0_int_stream_Spike_0_ref_timer_address1     |  out|    5|   ap_memory|     spiking_binam_stream_Spike_0_int_stream_Spike_0_ref_timer|         array|
|spiking_binam_stream_Spike_0_int_stream_Spike_0_ref_timer_ce1          |  out|    1|   ap_memory|     spiking_binam_stream_Spike_0_int_stream_Spike_0_ref_timer|         array|
|spiking_binam_stream_Spike_0_int_stream_Spike_0_ref_timer_q1           |   in|    3|   ap_memory|     spiking_binam_stream_Spike_0_int_stream_Spike_0_ref_timer|         array|
|spiking_binam_stream_Spike_0_int_stream_Spike_0_ref_timer_8_address0   |  out|    5|   ap_memory|   spiking_binam_stream_Spike_0_int_stream_Spike_0_ref_timer_8|         array|
|spiking_binam_stream_Spike_0_int_stream_Spike_0_ref_timer_8_ce0        |  out|    1|   ap_memory|   spiking_binam_stream_Spike_0_int_stream_Spike_0_ref_timer_8|         array|
|spiking_binam_stream_Spike_0_int_stream_Spike_0_ref_timer_8_we0        |  out|    1|   ap_memory|   spiking_binam_stream_Spike_0_int_stream_Spike_0_ref_timer_8|         array|
|spiking_binam_stream_Spike_0_int_stream_Spike_0_ref_timer_8_d0         |  out|    3|   ap_memory|   spiking_binam_stream_Spike_0_int_stream_Spike_0_ref_timer_8|         array|
|spiking_binam_stream_Spike_0_int_stream_Spike_0_ref_timer_8_address1   |  out|    5|   ap_memory|   spiking_binam_stream_Spike_0_int_stream_Spike_0_ref_timer_8|         array|
|spiking_binam_stream_Spike_0_int_stream_Spike_0_ref_timer_8_ce1        |  out|    1|   ap_memory|   spiking_binam_stream_Spike_0_int_stream_Spike_0_ref_timer_8|         array|
|spiking_binam_stream_Spike_0_int_stream_Spike_0_ref_timer_8_q1         |   in|    3|   ap_memory|   spiking_binam_stream_Spike_0_int_stream_Spike_0_ref_timer_8|         array|
|spiking_binam_stream_Spike_0_int_stream_Spike_0_ref_timer_9_address0   |  out|    5|   ap_memory|   spiking_binam_stream_Spike_0_int_stream_Spike_0_ref_timer_9|         array|
|spiking_binam_stream_Spike_0_int_stream_Spike_0_ref_timer_9_ce0        |  out|    1|   ap_memory|   spiking_binam_stream_Spike_0_int_stream_Spike_0_ref_timer_9|         array|
|spiking_binam_stream_Spike_0_int_stream_Spike_0_ref_timer_9_we0        |  out|    1|   ap_memory|   spiking_binam_stream_Spike_0_int_stream_Spike_0_ref_timer_9|         array|
|spiking_binam_stream_Spike_0_int_stream_Spike_0_ref_timer_9_d0         |  out|    3|   ap_memory|   spiking_binam_stream_Spike_0_int_stream_Spike_0_ref_timer_9|         array|
|spiking_binam_stream_Spike_0_int_stream_Spike_0_ref_timer_9_address1   |  out|    5|   ap_memory|   spiking_binam_stream_Spike_0_int_stream_Spike_0_ref_timer_9|         array|
|spiking_binam_stream_Spike_0_int_stream_Spike_0_ref_timer_9_ce1        |  out|    1|   ap_memory|   spiking_binam_stream_Spike_0_int_stream_Spike_0_ref_timer_9|         array|
|spiking_binam_stream_Spike_0_int_stream_Spike_0_ref_timer_9_q1         |   in|    3|   ap_memory|   spiking_binam_stream_Spike_0_int_stream_Spike_0_ref_timer_9|         array|
|spiking_binam_stream_Spike_0_int_stream_Spike_0_ref_timer_10_address0  |  out|    5|   ap_memory|  spiking_binam_stream_Spike_0_int_stream_Spike_0_ref_timer_10|         array|
|spiking_binam_stream_Spike_0_int_stream_Spike_0_ref_timer_10_ce0       |  out|    1|   ap_memory|  spiking_binam_stream_Spike_0_int_stream_Spike_0_ref_timer_10|         array|
|spiking_binam_stream_Spike_0_int_stream_Spike_0_ref_timer_10_we0       |  out|    1|   ap_memory|  spiking_binam_stream_Spike_0_int_stream_Spike_0_ref_timer_10|         array|
|spiking_binam_stream_Spike_0_int_stream_Spike_0_ref_timer_10_d0        |  out|    3|   ap_memory|  spiking_binam_stream_Spike_0_int_stream_Spike_0_ref_timer_10|         array|
|spiking_binam_stream_Spike_0_int_stream_Spike_0_ref_timer_10_address1  |  out|    5|   ap_memory|  spiking_binam_stream_Spike_0_int_stream_Spike_0_ref_timer_10|         array|
|spiking_binam_stream_Spike_0_int_stream_Spike_0_ref_timer_10_ce1       |  out|    1|   ap_memory|  spiking_binam_stream_Spike_0_int_stream_Spike_0_ref_timer_10|         array|
|spiking_binam_stream_Spike_0_int_stream_Spike_0_ref_timer_10_q1        |   in|    3|   ap_memory|  spiking_binam_stream_Spike_0_int_stream_Spike_0_ref_timer_10|         array|
|spiking_binam_stream_Spike_0_int_stream_Spike_0_ref_timer_11_address0  |  out|    5|   ap_memory|  spiking_binam_stream_Spike_0_int_stream_Spike_0_ref_timer_11|         array|
|spiking_binam_stream_Spike_0_int_stream_Spike_0_ref_timer_11_ce0       |  out|    1|   ap_memory|  spiking_binam_stream_Spike_0_int_stream_Spike_0_ref_timer_11|         array|
|spiking_binam_stream_Spike_0_int_stream_Spike_0_ref_timer_11_we0       |  out|    1|   ap_memory|  spiking_binam_stream_Spike_0_int_stream_Spike_0_ref_timer_11|         array|
|spiking_binam_stream_Spike_0_int_stream_Spike_0_ref_timer_11_d0        |  out|    3|   ap_memory|  spiking_binam_stream_Spike_0_int_stream_Spike_0_ref_timer_11|         array|
|spiking_binam_stream_Spike_0_int_stream_Spike_0_ref_timer_11_address1  |  out|    5|   ap_memory|  spiking_binam_stream_Spike_0_int_stream_Spike_0_ref_timer_11|         array|
|spiking_binam_stream_Spike_0_int_stream_Spike_0_ref_timer_11_ce1       |  out|    1|   ap_memory|  spiking_binam_stream_Spike_0_int_stream_Spike_0_ref_timer_11|         array|
|spiking_binam_stream_Spike_0_int_stream_Spike_0_ref_timer_11_q1        |   in|    3|   ap_memory|  spiking_binam_stream_Spike_0_int_stream_Spike_0_ref_timer_11|         array|
|spiking_binam_stream_Spike_0_int_stream_Spike_0_ref_timer_12_address0  |  out|    5|   ap_memory|  spiking_binam_stream_Spike_0_int_stream_Spike_0_ref_timer_12|         array|
|spiking_binam_stream_Spike_0_int_stream_Spike_0_ref_timer_12_ce0       |  out|    1|   ap_memory|  spiking_binam_stream_Spike_0_int_stream_Spike_0_ref_timer_12|         array|
|spiking_binam_stream_Spike_0_int_stream_Spike_0_ref_timer_12_we0       |  out|    1|   ap_memory|  spiking_binam_stream_Spike_0_int_stream_Spike_0_ref_timer_12|         array|
|spiking_binam_stream_Spike_0_int_stream_Spike_0_ref_timer_12_d0        |  out|    3|   ap_memory|  spiking_binam_stream_Spike_0_int_stream_Spike_0_ref_timer_12|         array|
|spiking_binam_stream_Spike_0_int_stream_Spike_0_ref_timer_12_address1  |  out|    5|   ap_memory|  spiking_binam_stream_Spike_0_int_stream_Spike_0_ref_timer_12|         array|
|spiking_binam_stream_Spike_0_int_stream_Spike_0_ref_timer_12_ce1       |  out|    1|   ap_memory|  spiking_binam_stream_Spike_0_int_stream_Spike_0_ref_timer_12|         array|
|spiking_binam_stream_Spike_0_int_stream_Spike_0_ref_timer_12_q1        |   in|    3|   ap_memory|  spiking_binam_stream_Spike_0_int_stream_Spike_0_ref_timer_12|         array|
|spiking_binam_stream_Spike_0_int_stream_Spike_0_ref_timer_13_address0  |  out|    5|   ap_memory|  spiking_binam_stream_Spike_0_int_stream_Spike_0_ref_timer_13|         array|
|spiking_binam_stream_Spike_0_int_stream_Spike_0_ref_timer_13_ce0       |  out|    1|   ap_memory|  spiking_binam_stream_Spike_0_int_stream_Spike_0_ref_timer_13|         array|
|spiking_binam_stream_Spike_0_int_stream_Spike_0_ref_timer_13_we0       |  out|    1|   ap_memory|  spiking_binam_stream_Spike_0_int_stream_Spike_0_ref_timer_13|         array|
|spiking_binam_stream_Spike_0_int_stream_Spike_0_ref_timer_13_d0        |  out|    3|   ap_memory|  spiking_binam_stream_Spike_0_int_stream_Spike_0_ref_timer_13|         array|
|spiking_binam_stream_Spike_0_int_stream_Spike_0_ref_timer_13_address1  |  out|    5|   ap_memory|  spiking_binam_stream_Spike_0_int_stream_Spike_0_ref_timer_13|         array|
|spiking_binam_stream_Spike_0_int_stream_Spike_0_ref_timer_13_ce1       |  out|    1|   ap_memory|  spiking_binam_stream_Spike_0_int_stream_Spike_0_ref_timer_13|         array|
|spiking_binam_stream_Spike_0_int_stream_Spike_0_ref_timer_13_q1        |   in|    3|   ap_memory|  spiking_binam_stream_Spike_0_int_stream_Spike_0_ref_timer_13|         array|
|spiking_binam_stream_Spike_0_int_stream_Spike_0_ref_timer_14_address0  |  out|    5|   ap_memory|  spiking_binam_stream_Spike_0_int_stream_Spike_0_ref_timer_14|         array|
|spiking_binam_stream_Spike_0_int_stream_Spike_0_ref_timer_14_ce0       |  out|    1|   ap_memory|  spiking_binam_stream_Spike_0_int_stream_Spike_0_ref_timer_14|         array|
|spiking_binam_stream_Spike_0_int_stream_Spike_0_ref_timer_14_we0       |  out|    1|   ap_memory|  spiking_binam_stream_Spike_0_int_stream_Spike_0_ref_timer_14|         array|
|spiking_binam_stream_Spike_0_int_stream_Spike_0_ref_timer_14_d0        |  out|    3|   ap_memory|  spiking_binam_stream_Spike_0_int_stream_Spike_0_ref_timer_14|         array|
|spiking_binam_stream_Spike_0_int_stream_Spike_0_ref_timer_14_address1  |  out|    5|   ap_memory|  spiking_binam_stream_Spike_0_int_stream_Spike_0_ref_timer_14|         array|
|spiking_binam_stream_Spike_0_int_stream_Spike_0_ref_timer_14_ce1       |  out|    1|   ap_memory|  spiking_binam_stream_Spike_0_int_stream_Spike_0_ref_timer_14|         array|
|spiking_binam_stream_Spike_0_int_stream_Spike_0_ref_timer_14_q1        |   in|    3|   ap_memory|  spiking_binam_stream_Spike_0_int_stream_Spike_0_ref_timer_14|         array|
+-----------------------------------------------------------------------+-----+-----+------------+--------------------------------------------------------------+--------------+

