remark: C:/Xilinx/Vitis_HLS/2022.2/common/technology/autopilot\ap_int_base.h:214:67: Inlining function 'ssdm_int<16, false>::ssdm_int(unsigned short)' into 'ap_int_base<16, false>::ap_int_base(int)'
remark: <unknown>:0:0: Inlining function 'ap_int_base<16, false>::ap_int_base(int)' into 'ap_uint<16>::ap_uint(int)'
remark: C:/Xilinx/Vitis_HLS/2022.2/common/technology/autopilot\ap_int_base.h:214:67: Inlining function 'ssdm_int<32, true>::ssdm_int(int)' into 'ap_int_base<32, true>::ap_int_base(int)'
remark: C:/Xilinx/Vitis_HLS/2022.2/common/technology/autopilot\ap_int_base.h:185:106: Inlining function '_ZN8ssdm_intILi33ELb1EEC2EDq33_i' into 'ap_int_base<33, true>::ap_int_base<16, false>(ap_int_base<16, false> const&)'
remark: C:/Xilinx/Vitis_HLS/2022.2/common/technology/autopilot\ap_int_base.h:185:106: Inlining function '_ZN8ssdm_intILi33ELb1EEC2EDq33_i' into 'ap_int_base<33, true>::ap_int_base<32, true>(ap_int_base<32, true> const&)'
remark: C:/Xilinx/Vitis_HLS/2022.2/common/technology/autopilot\ap_int_base.h:214:67: Inlining function '_ZN8ssdm_intILi33ELb1EEC2EDq33_i' into 'ap_int_base<33, true>::ap_int_base(int)'
remark: C:/Xilinx/Vitis_HLS/2022.2/common/technology/autopilot\ap_int_base.h:1495:339: Inlining function 'ap_int_base<33, true>::ap_int_base<16, false>(ap_int_base<16, false> const&)' into 'ap_int_base<16, false>::RType<32, true>::plus operator+<16, false, 32, true>(ap_int_base<16, false> const&, ap_int_base<32, true> const&)'
remark: C:/Xilinx/Vitis_HLS/2022.2/common/technology/autopilot\ap_int_base.h:1495:516: Inlining function 'ap_int_base<33, true>::ap_int_base(int)' into 'ap_int_base<16, false>::RType<32, true>::plus operator+<16, false, 32, true>(ap_int_base<16, false> const&, ap_int_base<32, true> const&)'
remark: C:/Xilinx/Vitis_HLS/2022.2/common/technology/autopilot\ap_int_base.h:1495:427: Inlining function 'ap_int_base<33, true>::ap_int_base<32, true>(ap_int_base<32, true> const&)' into 'ap_int_base<16, false>::RType<32, true>::plus operator+<16, false, 32, true>(ap_int_base<16, false> const&, ap_int_base<32, true> const&)'
remark: C:/Xilinx/Vitis_HLS/2022.2/common/technology/autopilot\ap_int_base.h:1633:1006: Inlining function 'ap_int_base<32, true>::ap_int_base(int)' into 'ap_int_base<16, false>::RType<($_0)32, true>::plus operator+<16, false>(ap_int_base<16, false> const&, int)'
remark: C:/Xilinx/Vitis_HLS/2022.2/common/technology/autopilot\ap_int_base.h:1633:1004: Inlining function 'ap_int_base<16, false>::RType<32, true>::plus operator+<16, false, 32, true>(ap_int_base<16, false> const&, ap_int_base<32, true> const&)' into 'ap_int_base<16, false>::RType<($_0)32, true>::plus operator+<16, false>(ap_int_base<16, false> const&, int)'
remark: C:/Xilinx/Vitis_HLS/2022.2/common/technology/autopilot\ap_int_base.h:185:106: Inlining function 'ssdm_int<16, false>::ssdm_int(unsigned short)' into 'ap_int_base<16, false>::ap_int_base<33, true>(ap_int_base<33, true> const&)'
remark: <unknown>:0:0: Inlining function 'ap_int_base<16, false>::ap_int_base<33, true>(ap_int_base<33, true> const&)' into 'ap_uint<16>::ap_uint<33>(ap_int<33> const&)'
remark: C:/Xilinx/Vitis_HLS/2022.2/common/technology/autopilot\ap_int_base.h:214:67: Inlining function '_ZN8ssdm_intILi7ELb0EEC2EDq7_j' into 'ap_int_base<7, false>::ap_int_base(int)'
remark: <unknown>:0:0: Inlining function 'ap_int_base<7, false>::ap_int_base(int)' into 'ap_uint<7>::ap_uint(int)'
remark: C:/Xilinx/Vitis_HLS/2022.2/common/technology/autopilot\ap_int_base.h:214:67: Inlining function '_ZN8ssdm_intILi3ELb0EEC2EDq3_j' into 'ap_int_base<3, false>::ap_int_base(int)'
remark: <unknown>:0:0: Inlining function 'ap_int_base<3, false>::ap_int_base(int)' into 'ap_uint<3>::ap_uint(int)'
remark: C:/Xilinx/Vitis_HLS/2022.2/common/technology/autopilot\ap_int_base.h:214:67: Inlining function '_ZN8ssdm_intILi6ELb0EEC2EDq6_j' into 'ap_int_base<6, false>::ap_int_base(int)'
remark: <unknown>:0:0: Inlining function 'ap_int_base<6, false>::ap_int_base(int)' into 'ap_uint<6>::ap_uint(int)'
remark: C:/Xilinx/Vitis_HLS/2022.2/common/technology/autopilot\ap_int_base.h:214:67: Inlining function '_ZN8ssdm_intILi1ELb0EEC2EDq1_j' into 'ap_int_base<1, false>::ap_int_base(int)'
remark: C:/Xilinx/Vitis_HLS/2022.2/common/technology/autopilot\ap_int_base.h:879:16: Inlining function 'ap_int_base<1, false>::ap_int_base(int)' into 'ap_int_base<6, false>::operator++(int)'
remark: C:/Xilinx/Vitis_HLS/2022.2/common/technology/autopilot\ap_int_base.h:879:5: Inlining function 'ap_int_base<6, false>& ap_int_base<6, false>::operator+=<1, false>(ap_int_base<1, false> const&)' into 'ap_int_base<6, false>::operator++(int)'
remark: C:/Xilinx/Vitis_HLS/2022.2/common/technology/autopilot\ap_int_base.h:1788:1853: Inlining function 'ap_int_base<32, true>::ap_int_base(int)' into 'bool operator==<3, false>(ap_int_base<3, false> const&, int)'
remark: C:/Xilinx/Vitis_HLS/2022.2/common/technology/autopilot\ap_int_base.h:1788:1850: Inlining function 'bool ap_int_base<3, false>::operator==<32, true>(ap_int_base<32, true> const&) const' into 'bool operator==<3, false>(ap_int_base<3, false> const&, int)'
remark: C:/Xilinx/Vitis_HLS/2022.2/common/technology/autopilot\ap_int_base.h:1727:167: Inlining function 'ap_int_base<32, true>::ap_int_base(int)' into 'ap_int_base<7, false>& operator+=<7, false>(ap_int_base<7, false>&, int)'
remark: C:/Xilinx/Vitis_HLS/2022.2/common/technology/autopilot\ap_int_base.h:1727:164: Inlining function 'ap_int_base<7, false>& ap_int_base<7, false>::operator+=<32, true>(ap_int_base<32, true> const&)' into 'ap_int_base<7, false>& operator+=<7, false>(ap_int_base<7, false>&, int)'
remark: C:/Xilinx/Vitis_HLS/2022.2/common/technology/autopilot\ap_int_base.h:1788:337: Inlining function 'ap_int_base<32, true>::ap_int_base(int)' into 'bool operator><3, false>(ap_int_base<3, false> const&, int)'
remark: C:/Xilinx/Vitis_HLS/2022.2/common/technology/autopilot\ap_int_base.h:1788:335: Inlining function 'bool ap_int_base<3, false>::operator><32, true>(ap_int_base<32, true> const&) const' into 'bool operator><3, false>(ap_int_base<3, false> const&, int)'
remark: C:/Xilinx/Vitis_HLS/2022.2/common/technology/autopilot\ap_int_base.h:884:16: Inlining function 'ap_int_base<1, false>::ap_int_base(int)' into 'ap_int_base<3, false>::operator--(int)'
remark: C:/Xilinx/Vitis_HLS/2022.2/common/technology/autopilot\ap_int_base.h:884:5: Inlining function 'ap_int_base<3, false>& ap_int_base<3, false>::operator-=<1, false>(ap_int_base<1, false> const&)' into 'ap_int_base<3, false>::operator--(int)'
remark: C:/Xilinx/Vitis_HLS/2022.2/common/technology/autopilot\ap_int_base.h:185:106: Inlining function '_ZN8ssdm_intILi38ELb1EEC2EDq38_i' into 'ap_int_base<38, true>::ap_int_base<6, false>(ap_int_base<6, false> const&)'
remark: C:/Xilinx/Vitis_HLS/2022.2/common/technology/autopilot\ap_int_base.h:185:106: Inlining function '_ZN8ssdm_intILi38ELb1EEC2EDq38_i' into 'ap_int_base<38, true>::ap_int_base<32, true>(ap_int_base<32, true> const&)'
remark: C:/Xilinx/Vitis_HLS/2022.2/common/technology/autopilot\ap_int_base.h:214:67: Inlining function '_ZN8ssdm_intILi38ELb1EEC2EDq38_i' into 'ap_int_base<38, true>::ap_int_base(int)'
remark: C:/Xilinx/Vitis_HLS/2022.2/common/technology/autopilot\ap_int_base.h:1494:339: Inlining function 'ap_int_base<38, true>::ap_int_base<6, false>(ap_int_base<6, false> const&)' into 'ap_int_base<6, false>::RType<32, true>::mult operator*<6, false, 32, true>(ap_int_base<6, false> const&, ap_int_base<32, true> const&)'
remark: C:/Xilinx/Vitis_HLS/2022.2/common/technology/autopilot\ap_int_base.h:1494:516: Inlining function 'ap_int_base<38, true>::ap_int_base(int)' into 'ap_int_base<6, false>::RType<32, true>::mult operator*<6, false, 32, true>(ap_int_base<6, false> const&, ap_int_base<32, true> const&)'
remark: C:/Xilinx/Vitis_HLS/2022.2/common/technology/autopilot\ap_int_base.h:1494:427: Inlining function 'ap_int_base<38, true>::ap_int_base<32, true>(ap_int_base<32, true> const&)' into 'ap_int_base<6, false>::RType<32, true>::mult operator*<6, false, 32, true>(ap_int_base<6, false> const&, ap_int_base<32, true> const&)'
remark: C:/Xilinx/Vitis_HLS/2022.2/common/technology/autopilot\ap_int_base.h:1633:483: Inlining function 'ap_int_base<32, true>::ap_int_base(int)' into 'ap_int_base<6, false>::RType<($_0)32, true>::mult operator*<6, false>(ap_int_base<6, false> const&, int)'
remark: C:/Xilinx/Vitis_HLS/2022.2/common/technology/autopilot\ap_int_base.h:1633:481: Inlining function 'ap_int_base<6, false>::RType<32, true>::mult operator*<6, false, 32, true>(ap_int_base<6, false> const&, ap_int_base<32, true> const&)' into 'ap_int_base<6, false>::RType<($_0)32, true>::mult operator*<6, false>(ap_int_base<6, false> const&, int)'
remark: C:/Xilinx/Vitis_HLS/2022.2/common/technology/autopilot\ap_int_base.h:185:106: Inlining function '_ZN8ssdm_intILi7ELb0EEC2EDq7_j' into 'ap_int_base<7, false>::ap_int_base<38, true>(ap_int_base<38, true> const&)'
remark: <unknown>:0:0: Inlining function 'ap_int_base<7, false>::ap_int_base<38, true>(ap_int_base<38, true> const&)' into 'ap_uint<7>::ap_uint<38>(ap_int<38> const&)'
remark: C:/Xilinx/Vitis_HLS/2022.2/common/technology/autopilot\ap_int_base.h:214:67: Inlining function 'ssdm_int<8, false>::ssdm_int(unsigned char)' into 'ap_int_base<8, false>::ap_int_base(int)'
remark: <unknown>:0:0: Inlining function 'ap_int_base<8, false>::ap_int_base(int)' into 'ap_uint<8>::ap_uint(int)'
remark: spiking_binam_hls.cpp:78:11: Inlining function 'bool ap_int_base<7, false>::operator>=<7, false>(ap_int_base<7, false> const&) const' into 'spiking_binam(hls::stream<Spike, 0>&, int, hls::stream<Spike, 0>&)'
remark: spiking_binam_hls.cpp:73:40: Inlining function 'ap_int_base<6, false>::RType<($_0)32, true>::mult operator*<6, false>(ap_int_base<6, false> const&, int)' into 'spiking_binam(hls::stream<Spike, 0>&, int, hls::stream<Spike, 0>&)'
remark: spiking_binam_hls.cpp:69:24: Inlining function 'ap_int_base<3, false>::operator--(int)' into 'spiking_binam(hls::stream<Spike, 0>&, int, hls::stream<Spike, 0>&)'
remark: spiking_binam_hls.cpp:69:19: Inlining function 'bool operator><3, false>(ap_int_base<3, false> const&, int)' into 'spiking_binam(hls::stream<Spike, 0>&, int, hls::stream<Spike, 0>&)'
remark: spiking_binam_hls.cpp:57:37: Inlining function 'ap_int_base<7, false>& operator+=<7, false>(ap_int_base<7, false>&, int)' into 'spiking_binam(hls::stream<Spike, 0>&, int, hls::stream<Spike, 0>&)'
remark: spiking_binam_hls.cpp:56:74: Inlining function 'bool operator==<3, false>(ap_int_base<3, false> const&, int)' into 'spiking_binam(hls::stream<Spike, 0>&, int, hls::stream<Spike, 0>&)'
remark: spiking_binam_hls.cpp:56:44: Inlining function 'ap_int_base<8, false>::operator unsigned long long() const' into 'spiking_binam(hls::stream<Spike, 0>&, int, hls::stream<Spike, 0>&)'
remark: spiking_binam_hls.cpp:47:17: Inlining function 'ap_int_base<6, false>::operator++(int)' into 'spiking_binam(hls::stream<Spike, 0>&, int, hls::stream<Spike, 0>&)'
remark: spiking_binam_hls.cpp:45:26: Inlining function 'bool ap_int_base<16, false>::operator>=<16, false>(ap_int_base<16, false> const&) const' into 'spiking_binam(hls::stream<Spike, 0>&, int, hls::stream<Spike, 0>&)'
remark: spiking_binam_hls.cpp:44:55: Inlining function 'bool ap_int_base<16, false>::operator<<16, false>(ap_int_base<16, false> const&) const' into 'spiking_binam(hls::stream<Spike, 0>&, int, hls::stream<Spike, 0>&)'
remark: spiking_binam_hls.cpp:31:48: Inlining function 'ap_int_base<16, false>::RType<($_0)32, true>::plus operator+<16, false>(ap_int_base<16, false> const&, int)' into 'spiking_binam(hls::stream<Spike, 0>&, int, hls::stream<Spike, 0>&)'
remark: spiking_binam_hls.cpp:54:19: Loop 'VITIS_LOOP_54_5' is marked as complete unroll implied by the pipeline pragma
remark: spiking_binam_hls.cpp:8:0: Unrolling loop 'VITIS_LOOP_34_2' (spiking_binam_hls.cpp:34:26) in function 'spiking_binam' partially with a factor of 8
remark: spiking_binam_hls.cpp:8:0: Unrolling loop 'VITIS_LOOP_54_5' (spiking_binam_hls.cpp:54:19) in function 'spiking_binam' completely with a factor of 8
remark: spiking_binam_hls.cpp:15:0: Applying array_partition to '_ZZ13spiking_binamRN3hls6streamI5SpikeLi0EEEiS3_E1v': Cyclic partitioning with factor 8 on dimension 1.
remark: spiking_binam_hls.cpp:16:0: Applying array_partition to '_ZZ13spiking_binamRN3hls6streamI5SpikeLi0EEEiS3_E9ref_timer': Cyclic partitioning with factor 8 on dimension 1.
remark: spiking_binam_hls.cpp:44:26: Could not analyze the loop bounds _XLX_SEP_ VITIS_LOOP_44_3 spiking_binam_hls.cpp:44:26 spiking_binam(hls::stream<Spike, 0>&, int, hls::stream<Spike, 0>&) 
remark: <unknown>:0:0: array_partition dim=2 type=cyclic factor=4 variable=_ZL14storage_matrix 1 spiking_binam ./binam_data.h:530:0 spiking_binam_hls.cpp:53:9storage_matrix 
remark: spiking_binam_hls.cpp:53:9: Inferring pragma 'array_partition type=cyclic factor=4 dim=2' for array 'storage_matrix' due to pipeline pragma
remark: ./binam_data.h:530:0: Applying array_partition to '_ZL14storage_matrix': Cyclic partitioning with factor 4 on dimension 2.
