In file included from spiking_binam_hls.cpp:2:
In file included from ./spiking_binam_hls.hpp:7:
In file included from C:/Xilinx/Vitis_HLS/2022.2/common/technology/autopilot\ap_int.h:12:
C:/Xilinx/Vitis_HLS/2022.2/common/technology/autopilot\ap_int_ref.h:678:9: warning: HLS pragma dump _XLX_SEP_ PragmaIsValid=1_XLX_SEP_ PragmaType=unroll_XLX_SEP_ PragmaContext=_XLX_SEP_ PragmaFunction=and_reduce_XLX_SEP_ PragmaOptions=_XLX_SEP_ [-Wdump-hls-pragmas]
#pragma HLS unroll
        ^
C:/Xilinx/Vitis_HLS/2022.2/common/technology/autopilot\ap_int_ref.h:692:9: warning: HLS pragma dump _XLX_SEP_ PragmaIsValid=1_XLX_SEP_ PragmaType=unroll_XLX_SEP_ PragmaContext=_XLX_SEP_ PragmaFunction=or_reduce_XLX_SEP_ PragmaOptions=_XLX_SEP_ [-Wdump-hls-pragmas]
#pragma HLS unroll
        ^
C:/Xilinx/Vitis_HLS/2022.2/common/technology/autopilot\ap_int_ref.h:706:9: warning: HLS pragma dump _XLX_SEP_ PragmaIsValid=1_XLX_SEP_ PragmaType=unroll_XLX_SEP_ PragmaContext=_XLX_SEP_ PragmaFunction=xor_reduce_XLX_SEP_ PragmaOptions=_XLX_SEP_ [-Wdump-hls-pragmas]
#pragma HLS unroll
        ^
D:/Kria/May2025/BiNAM/SpikingBINAM/solution1/csynth.tcl:16:9: warning: HLS pragma dump _XLX_SEP_ PragmaIsValid=1_XLX_SEP_ PragmaType=top_XLX_SEP_ PragmaContext=directive_XLX_SEP_ PragmaFunction=spiking_binam_XLX_SEP_ PragmaOptions=name=spiking_binam_XLX_SEP_ [-Wdump-hls-pragmas]
#pragma HLSDIRECTIVE TOP name=spiking_binam
        ^
D:/Kria/May2025/BiNAM/SpikingBINAM/solution1/directives.tcl:6:9: warning: HLS pragma dump _XLX_SEP_ PragmaIsValid=1_XLX_SEP_ PragmaType=top_XLX_SEP_ PragmaContext=directive_XLX_SEP_ PragmaFunction=spiking_binam_XLX_SEP_ PragmaOptions=name=spiking_binam_XLX_SEP_ [-Wdump-hls-pragmas]
#pragma HLSDIRECTIVE TOP name=spiking_binam
        ^
spiking_binam_hls.cpp:9:9: warning: HLS pragma dump _XLX_SEP_ PragmaIsValid=1_XLX_SEP_ PragmaType=interface_XLX_SEP_ PragmaContext=_XLX_SEP_ PragmaFunction=spiking_binam_XLX_SEP_ PragmaOptions=axis port=in_spikes_XLX_SEP_ [-Wdump-hls-pragmas]
#pragma HLS INTERFACE axis port=in_spikes
        ^
spiking_binam_hls.cpp:10:9: warning: HLS pragma dump _XLX_SEP_ PragmaIsValid=1_XLX_SEP_ PragmaType=interface_XLX_SEP_ PragmaContext=_XLX_SEP_ PragmaFunction=spiking_binam_XLX_SEP_ PragmaOptions=s_axilite port=in_spike_count bundle=CTRL_XLX_SEP_ [-Wdump-hls-pragmas]
#pragma HLS INTERFACE s_axilite port=in_spike_count bundle=CTRL
        ^
spiking_binam_hls.cpp:11:9: warning: HLS pragma dump _XLX_SEP_ PragmaIsValid=1_XLX_SEP_ PragmaType=interface_XLX_SEP_ PragmaContext=_XLX_SEP_ PragmaFunction=spiking_binam_XLX_SEP_ PragmaOptions=axis port=out_spikes_XLX_SEP_ [-Wdump-hls-pragmas]
#pragma HLS INTERFACE axis port=out_spikes
        ^
spiking_binam_hls.cpp:12:9: warning: HLS pragma dump _XLX_SEP_ PragmaIsValid=1_XLX_SEP_ PragmaType=interface_XLX_SEP_ PragmaContext=_XLX_SEP_ PragmaFunction=spiking_binam_XLX_SEP_ PragmaOptions=s_axilite port=return bundle=CTRL_XLX_SEP_ [-Wdump-hls-pragmas]
#pragma HLS INTERFACE s_axilite port=return bundle=CTRL
        ^
spiking_binam_hls.cpp:17:9: warning: HLS pragma dump _XLX_SEP_ PragmaIsValid=1_XLX_SEP_ PragmaType=array_partition_XLX_SEP_ PragmaContext=_XLX_SEP_ PragmaFunction=spiking_binam_XLX_SEP_ PragmaOptions=variable=v cyclic factor=8_XLX_SEP_ [-Wdump-hls-pragmas]
#pragma HLS ARRAY_PARTITION variable=v cyclic factor=8
        ^
spiking_binam_hls.cpp:18:9: warning: HLS pragma dump _XLX_SEP_ PragmaIsValid=1_XLX_SEP_ PragmaType=array_partition_XLX_SEP_ PragmaContext=_XLX_SEP_ PragmaFunction=spiking_binam_XLX_SEP_ PragmaOptions=variable=ref_timer cyclic factor=8_XLX_SEP_ [-Wdump-hls-pragmas]
#pragma HLS ARRAY_PARTITION variable=ref_timer cyclic factor=8
        ^
spiking_binam_hls.cpp:35:9: warning: HLS pragma dump _XLX_SEP_ PragmaIsValid=1_XLX_SEP_ PragmaType=unroll_XLX_SEP_ PragmaContext=_XLX_SEP_ PragmaFunction=spiking_binam_XLX_SEP_ PragmaOptions=factor=8_XLX_SEP_ [-Wdump-hls-pragmas]
#pragma HLS UNROLL factor=8
        ^
spiking_binam_hls.cpp:53:9: warning: HLS pragma dump _XLX_SEP_ PragmaIsValid=1_XLX_SEP_ PragmaType=pipeline_XLX_SEP_ PragmaContext=_XLX_SEP_ PragmaFunction=spiking_binam_XLX_SEP_ PragmaOptions=II=1_XLX_SEP_ [-Wdump-hls-pragmas]
#pragma HLS PIPELINE II=1
        ^
spiking_binam_hls.cpp:68:9: warning: HLS pragma dump _XLX_SEP_ PragmaIsValid=1_XLX_SEP_ PragmaType=pipeline_XLX_SEP_ PragmaContext=_XLX_SEP_ PragmaFunction=spiking_binam_XLX_SEP_ PragmaOptions=II=1_XLX_SEP_ [-Wdump-hls-pragmas]
#pragma HLS PIPELINE II=1
        ^
spiking_binam_hls.cpp:77:9: warning: HLS pragma dump _XLX_SEP_ PragmaIsValid=1_XLX_SEP_ PragmaType=pipeline_XLX_SEP_ PragmaContext=_XLX_SEP_ PragmaFunction=spiking_binam_XLX_SEP_ PragmaOptions=II=1_XLX_SEP_ [-Wdump-hls-pragmas]
#pragma HLS PIPELINE II=1
        ^
15 warnings generated.
