Copyright 1986-2022 Xilinx, Inc. All Rights Reserved.
------------------------------------------------------------------------------------------
| Tool Version      : Vivado v.2022.2 (win64) Build 3671981 Fri Oct 14 05:00:03 MDT 2022
| Date              : Sat May 17 11:24:51 2025
| Host              : DESKTOP-1O5TV0G running 64-bit major release  (build 9200)
| Command           : report_timing_summary -file ./report/spiking_binam_timing_synth.rpt
| Design            : bd_0_wrapper
| Device            : xck26-sfvc784
| Speed File        : -2LV  PRODUCTION 1.30 05-15-2022
| Temperature Grade : C
------------------------------------------------------------------------------------------

Timing Summary Report

------------------------------------------------------------------------------------------------
| Timer Settings
| --------------
------------------------------------------------------------------------------------------------

  Enable Multi Corner Analysis               :  Yes
  Enable Pessimism Removal                   :  Yes
  Pessimism Removal Resolution               :  Nearest Common Node
  Enable Input Delay Default Clock           :  No
  Enable Preset / Clear Arcs                 :  No
  Disable Flight Delays                      :  No
  Ignore I/O Paths                           :  No
  Timing Early Launch at Borrowing Latches   :  No
  Borrow Time for Max Delay Exceptions       :  Yes
  Merge Timing Exceptions                    :  Yes

  Corner  Analyze    Analyze    
  Name    Max Paths  Min Paths  
  ------  ---------  ---------  
  Slow    Yes        Yes        
  Fast    Yes        Yes        


------------------------------------------------------------------------------------------------
| Report Methodology
| ------------------
------------------------------------------------------------------------------------------------

No report available as report_methodology has not been run prior. Run report_methodology on the current design for the summary of methodology violations.



check_timing report

Table of Contents
-----------------
1. checking no_clock (0)
2. checking constant_clock (0)
3. checking pulse_width_clock (0)
4. checking unconstrained_internal_endpoints (0)
5. checking no_input_delay (78)
6. checking no_output_delay (59)
7. checking multiple_clock (0)
8. checking generated_clocks (0)
9. checking loops (0)
10. checking partial_input_delay (0)
11. checking partial_output_delay (0)
12. checking latch_loops (0)

1. checking no_clock (0)
------------------------
 There are 0 register/latch pins with no clock.


2. checking constant_clock (0)
------------------------------
 There are 0 register/latch pins with constant_clock.


3. checking pulse_width_clock (0)
---------------------------------
 There are 0 register/latch pins which need pulse_width check


4. checking unconstrained_internal_endpoints (0)
------------------------------------------------
 There are 0 pins that are not constrained for maximum delay.

 There are 0 pins that are not constrained for maximum delay due to constant clock.


5. checking no_input_delay (78)
-------------------------------
 There are 78 input ports with no input delay specified. (HIGH)

 There are 0 input ports with no input delay but user has a false path constraint.


6. checking no_output_delay (59)
--------------------------------
 There are 59 ports with no output delay specified. (HIGH)

 There are 0 ports with no output delay but user has a false path constraint

 There are 0 ports with no output delay but with a timing clock defined on it or propagating through it


7. checking multiple_clock (0)
------------------------------
 There are 0 register/latch pins with multiple clocks.


8. checking generated_clocks (0)
--------------------------------
 There are 0 generated clocks that are not connected to a clock source.


9. checking loops (0)
---------------------
 There are 0 combinational loops in the design.


10. checking partial_input_delay (0)
------------------------------------
 There are 0 input ports with partial input delay specified.


11. checking partial_output_delay (0)
-------------------------------------
 There are 0 ports with partial output delay specified.


12. checking latch_loops (0)
----------------------------
 There are 0 combinational latch loops in the design through latch input



------------------------------------------------------------------------------------------------
| Design Timing Summary
| ---------------------
------------------------------------------------------------------------------------------------

    WNS(ns)      TNS(ns)  TNS Failing Endpoints  TNS Total Endpoints      WHS(ns)      THS(ns)  THS Failing Endpoints  THS Total Endpoints     WPWS(ns)     TPWS(ns)  TPWS Failing Endpoints  TPWS Total Endpoints  
    -------      -------  ---------------------  -------------------      -------      -------  ---------------------  -------------------     --------     --------  ----------------------  --------------------  
      7.529        0.000                      0                 3398        0.109        0.000                      0                 3398        4.238        0.000                       0                  1323  


All user specified timing constraints are met.


------------------------------------------------------------------------------------------------
| Clock Summary
| -------------
------------------------------------------------------------------------------------------------

Clock   Waveform(ns)       Period(ns)      Frequency(MHz)
-----   ------------       ----------      --------------
ap_clk  {0.000 5.000}      10.000          100.000         


------------------------------------------------------------------------------------------------
| Intra Clock Table
| -----------------
------------------------------------------------------------------------------------------------

Clock             WNS(ns)      TNS(ns)  TNS Failing Endpoints  TNS Total Endpoints      WHS(ns)      THS(ns)  THS Failing Endpoints  THS Total Endpoints     WPWS(ns)     TPWS(ns)  TPWS Failing Endpoints  TPWS Total Endpoints  
-----             -------      -------  ---------------------  -------------------      -------      -------  ---------------------  -------------------     --------     --------  ----------------------  --------------------  
ap_clk              7.529        0.000                      0                 3398        0.109        0.000                      0                 3398        4.238        0.000                       0                  1323  


------------------------------------------------------------------------------------------------
| Inter Clock Table
| -----------------
------------------------------------------------------------------------------------------------

From Clock    To Clock          WNS(ns)      TNS(ns)  TNS Failing Endpoints  TNS Total Endpoints      WHS(ns)      THS(ns)  THS Failing Endpoints  THS Total Endpoints  
----------    --------          -------      -------  ---------------------  -------------------      -------      -------  ---------------------  -------------------  


------------------------------------------------------------------------------------------------
| Other Path Groups Table
| -----------------------
------------------------------------------------------------------------------------------------

Path Group    From Clock    To Clock          WNS(ns)      TNS(ns)  TNS Failing Endpoints  TNS Total Endpoints      WHS(ns)      THS(ns)  THS Failing Endpoints  THS Total Endpoints  
----------    ----------    --------          -------      -------  ---------------------  -------------------      -------      -------  ---------------------  -------------------  


------------------------------------------------------------------------------------------------
| Timing Details
| --------------
------------------------------------------------------------------------------------------------


---------------------------------------------------------------------------------------------------
From Clock:  ap_clk
  To Clock:  ap_clk

Setup :            0  Failing Endpoints,  Worst Slack        7.529ns,  Total Violation        0.000ns
Hold  :            0  Failing Endpoints,  Worst Slack        0.109ns,  Total Violation        0.000ns
PW    :            0  Failing Endpoints,  Worst Slack        4.238ns,  Total Violation        0.000ns
---------------------------------------------------------------------------------------------------


Max Delay Paths
--------------------------------------------------------------------------------------
Slack (MET) :             7.529ns  (required time - arrival time)
  Source:                 bd_0_i/hls_inst/inst/v_V_7_U/q1_reg[1]/C
                            (rising edge-triggered cell FDRE clocked by ap_clk  {rise@0.000ns fall@5.000ns period=10.000ns})
  Destination:            bd_0_i/hls_inst/inst/v_V_1_U/ram_reg_0_31_0_6/RAMA/WE
                            (rising edge-triggered cell RAMD32 clocked by ap_clk  {rise@0.000ns fall@5.000ns period=10.000ns})
  Path Group:             ap_clk
  Path Type:              Setup (Max at Slow Process Corner)
  Requirement:            10.000ns  (ap_clk rise@10.000ns - ap_clk rise@0.000ns)
  Data Path Delay:        2.129ns  (logic 0.862ns (40.488%)  route 1.267ns (59.512%))
  Logic Levels:           6  (CARRY8=1 LUT4=2 LUT6=2 MUXF7=1)
  Clock Path Skew:        -0.041ns (DCD - SCD + CPR)
    Destination Clock Delay (DCD):    0.000ns = ( 10.000 - 10.000 ) 
    Source Clock Delay      (SCD):    0.041ns
    Clock Pessimism Removal (CPR):    0.000ns
  Clock Uncertainty:      0.035ns  ((TSJ^2 + TIJ^2)^1/2 + DJ) / 2 + PE
    Total System Jitter     (TSJ):    0.071ns
    Total Input Jitter      (TIJ):    0.000ns
    Discrete Jitter          (DJ):    0.000ns
    Phase Error              (PE):    0.000ns

    Location             Delay type                Incr(ns)  Path(ns)    Netlist Resource(s)
  -------------------------------------------------------------------    -------------------
                         (clock ap_clk rise edge)     0.000     0.000 r  
                                                      0.000     0.000 r  ap_clk (IN)
                         net (fo=1322, unset)         0.041     0.041    bd_0_i/hls_inst/inst/v_V_7_U/ap_clk
                         FDRE                                         r  bd_0_i/hls_inst/inst/v_V_7_U/q1_reg[1]/C
  -------------------------------------------------------------------    -------------------
                         FDRE (Prop_FDRE_C_Q)         0.114     0.155 r  bd_0_i/hls_inst/inst/v_V_7_U/q1_reg[1]/Q
                         net (fo=6, unplaced)         0.196     0.351    bd_0_i/hls_inst/inst/grp_spiking_binam_Pipeline_VITIS_LOOP_79_7_fu_4612/icmp_ln1031_reg_571_reg[0]_i_10_0[1]
                         LUT6 (Prop_LUT6_I0_O)        0.225     0.576 r  bd_0_i/hls_inst/inst/grp_spiking_binam_Pipeline_VITIS_LOOP_79_7_fu_4612/icmp_ln1031_reg_571[0]_i_30/O
                         net (fo=1, unplaced)         0.022     0.598    bd_0_i/hls_inst/inst/grp_spiking_binam_Pipeline_VITIS_LOOP_79_7_fu_4612/mux_2_1[1]
                         MUXF7 (Prop_MUXF7_I1_O)      0.096     0.694 r  bd_0_i/hls_inst/inst/grp_spiking_binam_Pipeline_VITIS_LOOP_79_7_fu_4612/icmp_ln1031_reg_571_reg[0]_i_16/O
                         net (fo=2, unplaced)         0.209     0.903    bd_0_i/hls_inst/inst/grp_spiking_binam_Pipeline_VITIS_LOOP_79_7_fu_4612/tmp_6_fu_436_p10__0[1]
                         LUT4 (Prop_LUT4_I2_O)        0.092     0.995 f  bd_0_i/hls_inst/inst/grp_spiking_binam_Pipeline_VITIS_LOOP_79_7_fu_4612/icmp_ln1031_reg_571[0]_i_5/O
                         net (fo=1, unplaced)         0.227     1.222    bd_0_i/hls_inst/inst/grp_spiking_binam_Pipeline_VITIS_LOOP_79_7_fu_4612/icmp_ln1031_reg_571[0]_i_5_n_3
                         CARRY8 (Prop_CARRY8_DI[0]_CO[3])
                                                      0.219     1.441 f  bd_0_i/hls_inst/inst/grp_spiking_binam_Pipeline_VITIS_LOOP_79_7_fu_4612/icmp_ln1031_reg_571_reg[0]_i_1/CO[3]
                         net (fo=9, unplaced)         0.131     1.572    bd_0_i/hls_inst/inst/grp_spiking_binam_Pipeline_VITIS_LOOP_79_7_fu_4612/icmp_ln1031_reg_571_reg[0]_i_1_n_7
                         LUT6 (Prop_LUT6_I1_O)        0.058     1.630 r  bd_0_i/hls_inst/inst/grp_spiking_binam_Pipeline_VITIS_LOOP_79_7_fu_4612/ram_reg_0_31_0_6_i_15__5/O
                         net (fo=2, unplaced)         0.211     1.841    bd_0_i/hls_inst/inst/grp_spiking_binam_Pipeline_VITIS_LOOP_79_7_fu_4612/grp_spiking_binam_Pipeline_VITIS_LOOP_79_7_fu_4612_v_V_1_we0
                         LUT4 (Prop_LUT4_I2_O)        0.058     1.899 r  bd_0_i/hls_inst/inst/grp_spiking_binam_Pipeline_VITIS_LOOP_79_7_fu_4612/ram_reg_0_31_0_6_i_1__0/O
                         net (fo=16, unplaced)        0.271     2.170    bd_0_i/hls_inst/inst/v_V_1_U/ram_reg_0_31_0_6/WE
                         RAMD32                                       r  bd_0_i/hls_inst/inst/v_V_1_U/ram_reg_0_31_0_6/RAMA/WE
  -------------------------------------------------------------------    -------------------

                         (clock ap_clk rise edge)    10.000    10.000 r  
                                                      0.000    10.000 r  ap_clk (IN)
                         net (fo=1322, unset)         0.000    10.000    bd_0_i/hls_inst/inst/v_V_1_U/ram_reg_0_31_0_6/WCLK
                         RAMD32                                       r  bd_0_i/hls_inst/inst/v_V_1_U/ram_reg_0_31_0_6/RAMA/CLK
                         clock pessimism              0.000    10.000    
                         clock uncertainty           -0.035     9.965    
                         RAMD32 (Setup_RAMD32_CLK_WE)
                                                     -0.266     9.699    bd_0_i/hls_inst/inst/v_V_1_U/ram_reg_0_31_0_6/RAMA
  -------------------------------------------------------------------
                         required time                          9.699    
                         arrival time                          -2.170    
  -------------------------------------------------------------------
                         slack                                  7.529    





Min Delay Paths
--------------------------------------------------------------------------------------
Slack (MET) :             0.109ns  (arrival time - required time)
  Source:                 bd_0_i/hls_inst/inst/grp_spiking_binam_Pipeline_VITIS_LOOP_54_4_fu_4080/ap_enable_reg_pp0_iter1_reg/C
                            (rising edge-triggered cell FDRE clocked by ap_clk  {rise@0.000ns fall@5.000ns period=10.000ns})
  Destination:            bd_0_i/hls_inst/inst/grp_spiking_binam_Pipeline_VITIS_LOOP_54_4_fu_4080/ap_enable_reg_pp0_iter2_reg/D
                            (rising edge-triggered cell FDRE clocked by ap_clk  {rise@0.000ns fall@5.000ns period=10.000ns})
  Path Group:             ap_clk
  Path Type:              Hold (Min at Fast Process Corner)
  Requirement:            0.000ns  (ap_clk rise@0.000ns - ap_clk rise@0.000ns)
  Data Path Delay:        0.158ns  (logic 0.084ns (53.165%)  route 0.074ns (46.835%))
  Logic Levels:           0  
  Clock Path Skew:        0.005ns (DCD - SCD - CPR)
    Destination Clock Delay (DCD):    0.019ns
    Source Clock Delay      (SCD):    0.014ns
    Clock Pessimism Removal (CPR):    -0.000ns

    Location             Delay type                Incr(ns)  Path(ns)    Netlist Resource(s)
  -------------------------------------------------------------------    -------------------
                         (clock ap_clk rise edge)     0.000     0.000 r  
                                                      0.000     0.000 r  ap_clk (IN)
                         net (fo=1322, unset)         0.014     0.014    bd_0_i/hls_inst/inst/grp_spiking_binam_Pipeline_VITIS_LOOP_54_4_fu_4080/ap_clk
                         FDRE                                         r  bd_0_i/hls_inst/inst/grp_spiking_binam_Pipeline_VITIS_LOOP_54_4_fu_4080/ap_enable_reg_pp0_iter1_reg/C
  -------------------------------------------------------------------    -------------------
                         FDRE (Prop_FDRE_C_Q)         0.084     0.098 r  bd_0_i/hls_inst/inst/grp_spiking_binam_Pipeline_VITIS_LOOP_54_4_fu_4080/ap_enable_reg_pp0_iter1_reg/Q
                         net (fo=2, unplaced)         0.074     0.172    bd_0_i/hls_inst/inst/grp_spiking_binam_Pipeline_VITIS_LOOP_54_4_fu_4080/grp_spiking_binam_Pipeline_VITIS_LOOP_54_4_fu_4080_v_V_ce1
                         FDRE                                         r  bd_0_i/hls_inst/inst/grp_spiking_binam_Pipeline_VITIS_LOOP_54_4_fu_4080/ap_enable_reg_pp0_iter2_reg/D
  -------------------------------------------------------------------    -------------------

                         (clock ap_clk rise edge)     0.000     0.000 r  
                                                      0.000     0.000 r  ap_clk (IN)
                         net (fo=1322, unset)         0.019     0.019    bd_0_i/hls_inst/inst/grp_spiking_binam_Pipeline_VITIS_LOOP_54_4_fu_4080/ap_clk
                         FDRE                                         r  bd_0_i/hls_inst/inst/grp_spiking_binam_Pipeline_VITIS_LOOP_54_4_fu_4080/ap_enable_reg_pp0_iter2_reg/C
                         clock pessimism              0.000     0.019    
                         FDRE (Hold_FDRE_C_D)         0.044     0.063    bd_0_i/hls_inst/inst/grp_spiking_binam_Pipeline_VITIS_LOOP_54_4_fu_4080/ap_enable_reg_pp0_iter2_reg
  -------------------------------------------------------------------
                         required time                         -0.063    
                         arrival time                           0.172    
  -------------------------------------------------------------------
                         slack                                  0.109    





Pulse Width Checks
--------------------------------------------------------------------------------------
Clock Name:         ap_clk
Waveform(ns):       { 0.000 5.000 }
Period(ns):         10.000
Sources:            { ap_clk }

Check Type        Corner  Lib Pin     Reference Pin  Required(ns)  Actual(ns)  Slack(ns)  Location  Pin
Min Period        n/a     RAMD32/CLK  n/a            1.524         10.000      8.476                bd_0_i/hls_inst/inst/ref_timer_V_1_U/ram_reg_0_31_0_0/DP/CLK
Low Pulse Width   Slow    RAMD32/CLK  n/a            0.762         5.000       4.238                bd_0_i/hls_inst/inst/ref_timer_V_1_U/ram_reg_0_31_0_0/DP/CLK
High Pulse Width  Slow    RAMD32/CLK  n/a            0.762         5.000       4.238                bd_0_i/hls_inst/inst/ref_timer_V_1_U/ram_reg_0_31_0_0/DP/CLK



